2020-06-12 16:35:01.680  INFO [           main] [          c.z.mybatis.MybatisApplication] [logStarting,55] : Starting MybatisApplication on Zilins-Air with PID 24525 (/Users/zilinsmac/Desktop/mybatis/target/classes started by zilinsmac in /Users/zilinsmac/Desktop/mybatis)
2020-06-12 16:35:01.687  INFO [           main] [          c.z.mybatis.MybatisApplication] [logStartupProfileInfo,651] : No active profile set, falling back to default profiles: default
2020-06-12 16:35:03.021  INFO [           main] [.s.d.r.c.RepositoryConfigurationDelegate] [multipleStoresDetected,249] : Multiple Spring Data modules found, entering strict repository configuration mode!
2020-06-12 16:35:03.028  INFO [           main] [.s.d.r.c.RepositoryConfigurationDelegate] [registerRepositoriesIn,127] : Bootstrapping Spring Data JPA repositories in DEFAULT mode.
2020-06-12 16:35:03.089  INFO [           main] [.s.d.r.c.RepositoryConfigurationDelegate] [registerRepositoriesIn,187] : Finished Spring Data repository scanning in 37ms. Found 0 JPA repository interfaces.
2020-06-12 16:35:03.119  INFO [           main] [.s.d.r.c.RepositoryConfigurationDelegate] [multipleStoresDetected,249] : Multiple Spring Data modules found, entering strict repository configuration mode!
2020-06-12 16:35:03.122  INFO [           main] [.s.d.r.c.RepositoryConfigurationDelegate] [registerRepositoriesIn,127] : Bootstrapping Spring Data Redis repositories in DEFAULT mode.
2020-06-12 16:35:03.148  INFO [           main] [.s.d.r.c.RepositoryConfigurationDelegate] [registerRepositoriesIn,187] : Finished Spring Data repository scanning in 8ms. Found 0 Redis repository interfaces.
2020-06-12 16:35:04.618  INFO [           main] [ o.s.b.w.embedded.tomcat.TomcatWebServer] [initialize,91] : Tomcat initialized with port(s): 8080 (http)
2020-06-12 16:35:04.639  INFO [           main] [o.apache.coyote.http11.Http11NioProtocol] [       log,173] : Initializing ProtocolHandler ["http-nio-8080"]
2020-06-12 16:35:04.640  INFO [           main] [org.apache.catalina.core.StandardService] [       log,173] : Starting service [Tomcat]
2020-06-12 16:35:04.641  INFO [           main] [ org.apache.catalina.core.StandardEngine] [       log,173] : Starting Servlet engine: [Apache Tomcat/9.0.34]
2020-06-12 16:35:04.783  INFO [           main] [      o.a.c.c.C.[Tomcat].[localhost].[/]] [       log,173] : Initializing Spring embedded WebApplicationContext
2020-06-12 16:35:04.784  INFO [           main] [           o.s.web.context.ContextLoader] [prepareWebApplicationContext,284] : Root WebApplicationContext: initialization completed in 2954 ms
2020-06-12 16:35:05.058  INFO [           main] [      com.zaxxer.hikari.HikariDataSource] [getConnection,110] : HikariPool-1 - Starting...
2020-06-12 16:35:05.558  INFO [           main] [      com.zaxxer.hikari.HikariDataSource] [getConnection,123] : HikariPool-1 - Start completed.
2020-06-12 16:35:05.662  INFO [           main] [ o.hibernate.jpa.internal.util.LogHelper] [logPersistenceUnitInformation,31] : HHH000204: Processing PersistenceUnitInfo [name: default]
2020-06-12 16:35:05.816  INFO [           main] [                   org.hibernate.Version] [logVersion,44] : HHH000412: Hibernate ORM core version 5.4.15.Final
2020-06-12 16:35:06.078  INFO [           main] [org.hibernate.annotations.common.Version] [  <clinit>,49] : HCANN000001: Hibernate Commons Annotations {5.1.0.Final}
2020-06-12 16:35:06.273  INFO [           main] [           org.hibernate.dialect.Dialect] [    <init>,172] : HHH000400: Using dialect: org.hibernate.dialect.MySQL8Dialect
2020-06-12 16:35:06.650  INFO [           main] [      o.h.e.t.j.p.i.JtaPlatformInitiator] [initiateService,52] : HHH000490: Using JtaPlatform implementation: [org.hibernate.engine.transaction.jta.platform.internal.NoJtaPlatform]
2020-06-12 16:35:06.675  INFO [           main] [j.LocalContainerEntityManagerFactoryBean] [buildNativeEntityManagerFactory,416] : Initialized JPA EntityManagerFactory for persistence unit 'default'
2020-06-12 16:35:08.070  WARN [           main] [JpaBaseConfiguration$JpaWebConfiguration] [openEntityManagerInViewInterceptor,220] : spring.jpa.open-in-view is enabled by default. Therefore, database queries may be performed during view rendering. Explicitly configure spring.jpa.open-in-view to disable this warning
2020-06-12 16:35:08.254  INFO [           main] [ o.s.s.concurrent.ThreadPoolTaskExecutor] [initialize,181] : Initializing ExecutorService 'applicationTaskExecutor'
2020-06-12 16:35:08.759  INFO [           main] [s.a.ScheduledAnnotationBeanPostProcessor] [finishRegistration,297] : No TaskScheduler/ScheduledExecutorService bean found for scheduled processing
2020-06-12 16:35:08.823  INFO [           main] [o.apache.coyote.http11.Http11NioProtocol] [       log,173] : Starting ProtocolHandler ["http-nio-8080"]
2020-06-12 16:35:08.861  INFO [           main] [ o.s.b.w.embedded.tomcat.TomcatWebServer] [     start,203] : Tomcat started on port(s): 8080 (http) with context path ''
2020-06-12 16:35:08.867  INFO [           main] [          c.z.mybatis.MybatisApplication] [logStarted,61] : Started MybatisApplication in 8.693 seconds (JVM running for 9.767)
2020-06-12 16:35:18.421  INFO [SpringContextShutdownHook] [ o.s.s.concurrent.ThreadPoolTaskExecutor] [  shutdown,218] : Shutting down ExecutorService 'applicationTaskExecutor'
2020-06-12 16:35:18.450  INFO [SpringContextShutdownHook] [j.LocalContainerEntityManagerFactoryBean] [   destroy,598] : Closing JPA EntityManagerFactory for persistence unit 'default'
2020-06-12 16:35:18.454  INFO [SpringContextShutdownHook] [      com.zaxxer.hikari.HikariDataSource] [     close,350] : HikariPool-1 - Shutdown initiated...
2020-06-12 16:35:18.483  INFO [SpringContextShutdownHook] [      com.zaxxer.hikari.HikariDataSource] [     close,352] : HikariPool-1 - Shutdown completed.
2020-06-12 17:20:43.931  INFO [           main] [          c.z.mybatis.MybatisApplication] [logStarting,55] : Starting MybatisApplication on Zilins-Air with PID 24720 (/Users/zilinsmac/Desktop/mybatis/target/classes started by zilinsmac in /Users/zilinsmac/Desktop/mybatis)
2020-06-12 17:20:43.939  INFO [           main] [          c.z.mybatis.MybatisApplication] [logStartupProfileInfo,651] : No active profile set, falling back to default profiles: default
2020-06-12 17:20:45.808  INFO [           main] [.s.d.r.c.RepositoryConfigurationDelegate] [multipleStoresDetected,249] : Multiple Spring Data modules found, entering strict repository configuration mode!
2020-06-12 17:20:45.810  INFO [           main] [.s.d.r.c.RepositoryConfigurationDelegate] [registerRepositoriesIn,127] : Bootstrapping Spring Data JPA repositories in DEFAULT mode.
2020-06-12 17:20:45.860  INFO [           main] [.s.d.r.c.RepositoryConfigurationDelegate] [registerRepositoriesIn,187] : Finished Spring Data repository scanning in 33ms. Found 0 JPA repository interfaces.
2020-06-12 17:20:45.894  INFO [           main] [.s.d.r.c.RepositoryConfigurationDelegate] [multipleStoresDetected,249] : Multiple Spring Data modules found, entering strict repository configuration mode!
2020-06-12 17:20:45.898  INFO [           main] [.s.d.r.c.RepositoryConfigurationDelegate] [registerRepositoriesIn,127] : Bootstrapping Spring Data Redis repositories in DEFAULT mode.
2020-06-12 17:20:45.928  INFO [           main] [.s.d.r.c.RepositoryConfigurationDelegate] [registerRepositoriesIn,187] : Finished Spring Data repository scanning in 10ms. Found 0 Redis repository interfaces.
2020-06-12 17:20:47.783  INFO [           main] [ o.s.b.w.embedded.tomcat.TomcatWebServer] [initialize,91] : Tomcat initialized with port(s): 8080 (http)
2020-06-12 17:20:47.802  INFO [           main] [o.apache.coyote.http11.Http11NioProtocol] [       log,173] : Initializing ProtocolHandler ["http-nio-8080"]
2020-06-12 17:20:47.803  INFO [           main] [org.apache.catalina.core.StandardService] [       log,173] : Starting service [Tomcat]
2020-06-12 17:20:47.804  INFO [           main] [ org.apache.catalina.core.StandardEngine] [       log,173] : Starting Servlet engine: [Apache Tomcat/9.0.34]
2020-06-12 17:20:47.995  INFO [           main] [      o.a.c.c.C.[Tomcat].[localhost].[/]] [       log,173] : Initializing Spring embedded WebApplicationContext
2020-06-12 17:20:47.997  INFO [           main] [           o.s.web.context.ContextLoader] [prepareWebApplicationContext,284] : Root WebApplicationContext: initialization completed in 3882 ms
2020-06-12 17:20:48.217  INFO [           main] [      com.zaxxer.hikari.HikariDataSource] [getConnection,110] : HikariPool-1 - Starting...
2020-06-12 17:20:48.777  INFO [           main] [      com.zaxxer.hikari.HikariDataSource] [getConnection,123] : HikariPool-1 - Start completed.
2020-06-12 17:20:48.870  INFO [           main] [ o.hibernate.jpa.internal.util.LogHelper] [logPersistenceUnitInformation,31] : HHH000204: Processing PersistenceUnitInfo [name: default]
2020-06-12 17:20:49.062  INFO [           main] [                   org.hibernate.Version] [logVersion,44] : HHH000412: Hibernate ORM core version 5.4.15.Final
2020-06-12 17:20:49.322  INFO [           main] [org.hibernate.annotations.common.Version] [  <clinit>,49] : HCANN000001: Hibernate Commons Annotations {5.1.0.Final}
2020-06-12 17:20:49.514  INFO [           main] [           org.hibernate.dialect.Dialect] [    <init>,172] : HHH000400: Using dialect: org.hibernate.dialect.MySQL8Dialect
2020-06-12 17:20:49.860  INFO [           main] [      o.h.e.t.j.p.i.JtaPlatformInitiator] [initiateService,52] : HHH000490: Using JtaPlatform implementation: [org.hibernate.engine.transaction.jta.platform.internal.NoJtaPlatform]
2020-06-12 17:20:49.873  INFO [           main] [j.LocalContainerEntityManagerFactoryBean] [buildNativeEntityManagerFactory,416] : Initialized JPA EntityManagerFactory for persistence unit 'default'
2020-06-12 17:20:51.271  WARN [           main] [JpaBaseConfiguration$JpaWebConfiguration] [openEntityManagerInViewInterceptor,220] : spring.jpa.open-in-view is enabled by default. Therefore, database queries may be performed during view rendering. Explicitly configure spring.jpa.open-in-view to disable this warning
2020-06-12 17:20:51.454  INFO [           main] [ o.s.s.concurrent.ThreadPoolTaskExecutor] [initialize,181] : Initializing ExecutorService 'applicationTaskExecutor'
2020-06-12 17:20:52.005  INFO [           main] [s.a.ScheduledAnnotationBeanPostProcessor] [finishRegistration,297] : No TaskScheduler/ScheduledExecutorService bean found for scheduled processing
2020-06-12 17:20:52.129  INFO [           main] [org.apache.catalina.core.StandardService] [       log,173] : Stopping service [Tomcat]
2020-06-12 17:20:52.138  INFO [           main] [ConditionEvaluationReportLoggingListener] [logMessage,136] : 

Error starting ApplicationContext. To display the conditions report re-run your application with 'debug' enabled.
2020-06-12 17:20:52.155  INFO [           main] [ o.s.s.concurrent.ThreadPoolTaskExecutor] [  shutdown,218] : Shutting down ExecutorService 'applicationTaskExecutor'
2020-06-12 17:20:52.186  INFO [           main] [j.LocalContainerEntityManagerFactoryBean] [   destroy,598] : Closing JPA EntityManagerFactory for persistence unit 'default'
2020-06-12 17:20:52.189  INFO [           main] [      com.zaxxer.hikari.HikariDataSource] [     close,350] : HikariPool-1 - Shutdown initiated...
2020-06-12 17:20:52.215  INFO [           main] [      com.zaxxer.hikari.HikariDataSource] [     close,352] : HikariPool-1 - Shutdown completed.
2020-06-12 17:23:12.165  INFO [           main] [          c.z.mybatis.MybatisApplication] [logStarting,55] : Starting MybatisApplication on Zilins-Air with PID 24732 (/Users/zilinsmac/Desktop/mybatis/target/classes started by zilinsmac in /Users/zilinsmac/Desktop/mybatis)
2020-06-12 17:23:12.171  INFO [           main] [          c.z.mybatis.MybatisApplication] [logStartupProfileInfo,651] : No active profile set, falling back to default profiles: default
2020-06-12 17:23:13.538  INFO [           main] [.s.d.r.c.RepositoryConfigurationDelegate] [multipleStoresDetected,249] : Multiple Spring Data modules found, entering strict repository configuration mode!
2020-06-12 17:23:13.542  INFO [           main] [.s.d.r.c.RepositoryConfigurationDelegate] [registerRepositoriesIn,127] : Bootstrapping Spring Data JPA repositories in DEFAULT mode.
2020-06-12 17:23:13.598  INFO [           main] [.s.d.r.c.RepositoryConfigurationDelegate] [registerRepositoriesIn,187] : Finished Spring Data repository scanning in 39ms. Found 0 JPA repository interfaces.
2020-06-12 17:23:13.629  INFO [           main] [.s.d.r.c.RepositoryConfigurationDelegate] [multipleStoresDetected,249] : Multiple Spring Data modules found, entering strict repository configuration mode!
2020-06-12 17:23:13.631  INFO [           main] [.s.d.r.c.RepositoryConfigurationDelegate] [registerRepositoriesIn,127] : Bootstrapping Spring Data Redis repositories in DEFAULT mode.
2020-06-12 17:23:13.663  INFO [           main] [.s.d.r.c.RepositoryConfigurationDelegate] [registerRepositoriesIn,187] : Finished Spring Data repository scanning in 12ms. Found 0 Redis repository interfaces.
2020-06-12 17:23:15.061  INFO [           main] [ o.s.b.w.embedded.tomcat.TomcatWebServer] [initialize,91] : Tomcat initialized with port(s): 8080 (http)
2020-06-12 17:23:15.081  INFO [           main] [o.apache.coyote.http11.Http11NioProtocol] [       log,173] : Initializing ProtocolHandler ["http-nio-8080"]
2020-06-12 17:23:15.082  INFO [           main] [org.apache.catalina.core.StandardService] [       log,173] : Starting service [Tomcat]
2020-06-12 17:23:15.083  INFO [           main] [ org.apache.catalina.core.StandardEngine] [       log,173] : Starting Servlet engine: [Apache Tomcat/9.0.34]
2020-06-12 17:23:15.215  INFO [           main] [      o.a.c.c.C.[Tomcat].[localhost].[/]] [       log,173] : Initializing Spring embedded WebApplicationContext
2020-06-12 17:23:15.216  INFO [           main] [           o.s.web.context.ContextLoader] [prepareWebApplicationContext,284] : Root WebApplicationContext: initialization completed in 2889 ms
2020-06-12 17:23:15.474  INFO [           main] [      com.zaxxer.hikari.HikariDataSource] [getConnection,110] : HikariPool-1 - Starting...
2020-06-12 17:23:15.997  INFO [           main] [      com.zaxxer.hikari.HikariDataSource] [getConnection,123] : HikariPool-1 - Start completed.
2020-06-12 17:23:16.095  INFO [           main] [ o.hibernate.jpa.internal.util.LogHelper] [logPersistenceUnitInformation,31] : HHH000204: Processing PersistenceUnitInfo [name: default]
2020-06-12 17:23:16.220  INFO [           main] [                   org.hibernate.Version] [logVersion,44] : HHH000412: Hibernate ORM core version 5.4.15.Final
2020-06-12 17:23:16.488  INFO [           main] [org.hibernate.annotations.common.Version] [  <clinit>,49] : HCANN000001: Hibernate Commons Annotations {5.1.0.Final}
2020-06-12 17:23:16.674  INFO [           main] [           org.hibernate.dialect.Dialect] [    <init>,172] : HHH000400: Using dialect: org.hibernate.dialect.MySQL8Dialect
2020-06-12 17:23:17.036  INFO [           main] [      o.h.e.t.j.p.i.JtaPlatformInitiator] [initiateService,52] : HHH000490: Using JtaPlatform implementation: [org.hibernate.engine.transaction.jta.platform.internal.NoJtaPlatform]
2020-06-12 17:23:17.051  INFO [           main] [j.LocalContainerEntityManagerFactoryBean] [buildNativeEntityManagerFactory,416] : Initialized JPA EntityManagerFactory for persistence unit 'default'
2020-06-12 17:23:18.297  WARN [           main] [JpaBaseConfiguration$JpaWebConfiguration] [openEntityManagerInViewInterceptor,220] : spring.jpa.open-in-view is enabled by default. Therefore, database queries may be performed during view rendering. Explicitly configure spring.jpa.open-in-view to disable this warning
2020-06-12 17:23:18.515  INFO [           main] [ o.s.s.concurrent.ThreadPoolTaskExecutor] [initialize,181] : Initializing ExecutorService 'applicationTaskExecutor'
2020-06-12 17:23:19.051  INFO [           main] [s.a.ScheduledAnnotationBeanPostProcessor] [finishRegistration,297] : No TaskScheduler/ScheduledExecutorService bean found for scheduled processing
2020-06-12 17:23:19.124  INFO [           main] [o.apache.coyote.http11.Http11NioProtocol] [       log,173] : Starting ProtocolHandler ["http-nio-8080"]
2020-06-12 17:23:19.164  INFO [           main] [ o.s.b.w.embedded.tomcat.TomcatWebServer] [     start,203] : Tomcat started on port(s): 8080 (http) with context path ''
2020-06-12 17:23:19.169  INFO [           main] [          c.z.mybatis.MybatisApplication] [logStarted,61] : Started MybatisApplication in 8.372 seconds (JVM running for 9.35)
2020-06-12 17:24:20.874  INFO [SpringContextShutdownHook] [ o.s.s.concurrent.ThreadPoolTaskExecutor] [  shutdown,218] : Shutting down ExecutorService 'applicationTaskExecutor'
2020-06-12 17:24:20.933  INFO [SpringContextShutdownHook] [j.LocalContainerEntityManagerFactoryBean] [   destroy,598] : Closing JPA EntityManagerFactory for persistence unit 'default'
2020-06-12 17:24:20.942  INFO [SpringContextShutdownHook] [      com.zaxxer.hikari.HikariDataSource] [     close,350] : HikariPool-1 - Shutdown initiated...
2020-06-12 17:24:20.992  INFO [SpringContextShutdownHook] [      com.zaxxer.hikari.HikariDataSource] [     close,352] : HikariPool-1 - Shutdown completed.
2020-06-12 17:27:16.657  INFO [           main] [          c.z.mybatis.MybatisApplication] [logStarting,55] : Starting MybatisApplication on Zilins-Air with PID 24779 (/Users/zilinsmac/Desktop/mybatis/target/classes started by zilinsmac in /Users/zilinsmac/Desktop/mybatis)
2020-06-12 17:27:16.664  INFO [           main] [          c.z.mybatis.MybatisApplication] [logStartupProfileInfo,651] : No active profile set, falling back to default profiles: default
2020-06-12 17:27:18.598  INFO [           main] [.s.d.r.c.RepositoryConfigurationDelegate] [multipleStoresDetected,249] : Multiple Spring Data modules found, entering strict repository configuration mode!
2020-06-12 17:27:18.601  INFO [           main] [.s.d.r.c.RepositoryConfigurationDelegate] [registerRepositoriesIn,127] : Bootstrapping Spring Data JPA repositories in DEFAULT mode.
2020-06-12 17:27:18.661  INFO [           main] [.s.d.r.c.RepositoryConfigurationDelegate] [registerRepositoriesIn,187] : Finished Spring Data repository scanning in 39ms. Found 0 JPA repository interfaces.
2020-06-12 17:27:18.711  INFO [           main] [.s.d.r.c.RepositoryConfigurationDelegate] [multipleStoresDetected,249] : Multiple Spring Data modules found, entering strict repository configuration mode!
2020-06-12 17:27:18.714  INFO [           main] [.s.d.r.c.RepositoryConfigurationDelegate] [registerRepositoriesIn,127] : Bootstrapping Spring Data Redis repositories in DEFAULT mode.
2020-06-12 17:27:18.749  INFO [           main] [.s.d.r.c.RepositoryConfigurationDelegate] [registerRepositoriesIn,187] : Finished Spring Data repository scanning in 11ms. Found 0 Redis repository interfaces.
2020-06-12 17:27:20.524  INFO [           main] [ o.s.b.w.embedded.tomcat.TomcatWebServer] [initialize,91] : Tomcat initialized with port(s): 8080 (http)
2020-06-12 17:27:20.544  INFO [           main] [o.apache.coyote.http11.Http11NioProtocol] [       log,173] : Initializing ProtocolHandler ["http-nio-8080"]
2020-06-12 17:27:20.545  INFO [           main] [org.apache.catalina.core.StandardService] [       log,173] : Starting service [Tomcat]
2020-06-12 17:27:20.546  INFO [           main] [ org.apache.catalina.core.StandardEngine] [       log,173] : Starting Servlet engine: [Apache Tomcat/9.0.34]
2020-06-12 17:27:20.780  INFO [           main] [      o.a.c.c.C.[Tomcat].[localhost].[/]] [       log,173] : Initializing Spring embedded WebApplicationContext
2020-06-12 17:27:20.781  INFO [           main] [           o.s.web.context.ContextLoader] [prepareWebApplicationContext,284] : Root WebApplicationContext: initialization completed in 3936 ms
2020-06-12 17:27:21.065  INFO [           main] [      com.zaxxer.hikari.HikariDataSource] [getConnection,110] : HikariPool-1 - Starting...
2020-06-12 17:27:21.781  INFO [           main] [      com.zaxxer.hikari.HikariDataSource] [getConnection,123] : HikariPool-1 - Start completed.
2020-06-12 17:27:22.006  INFO [           main] [ o.hibernate.jpa.internal.util.LogHelper] [logPersistenceUnitInformation,31] : HHH000204: Processing PersistenceUnitInfo [name: default]
2020-06-12 17:27:22.179  INFO [           main] [                   org.hibernate.Version] [logVersion,44] : HHH000412: Hibernate ORM core version 5.4.15.Final
2020-06-12 17:27:22.496  INFO [           main] [org.hibernate.annotations.common.Version] [  <clinit>,49] : HCANN000001: Hibernate Commons Annotations {5.1.0.Final}
2020-06-12 17:27:22.734  INFO [           main] [           org.hibernate.dialect.Dialect] [    <init>,172] : HHH000400: Using dialect: org.hibernate.dialect.MySQL8Dialect
2020-06-12 17:27:23.171  INFO [           main] [      o.h.e.t.j.p.i.JtaPlatformInitiator] [initiateService,52] : HHH000490: Using JtaPlatform implementation: [org.hibernate.engine.transaction.jta.platform.internal.NoJtaPlatform]
2020-06-12 17:27:23.199  INFO [           main] [j.LocalContainerEntityManagerFactoryBean] [buildNativeEntityManagerFactory,416] : Initialized JPA EntityManagerFactory for persistence unit 'default'
2020-06-12 17:27:25.027  WARN [           main] [JpaBaseConfiguration$JpaWebConfiguration] [openEntityManagerInViewInterceptor,220] : spring.jpa.open-in-view is enabled by default. Therefore, database queries may be performed during view rendering. Explicitly configure spring.jpa.open-in-view to disable this warning
2020-06-12 17:27:25.286  INFO [           main] [ o.s.s.concurrent.ThreadPoolTaskExecutor] [initialize,181] : Initializing ExecutorService 'applicationTaskExecutor'
2020-06-12 17:27:25.957  INFO [           main] [s.a.ScheduledAnnotationBeanPostProcessor] [finishRegistration,297] : No TaskScheduler/ScheduledExecutorService bean found for scheduled processing
2020-06-12 17:27:26.057  INFO [           main] [o.apache.coyote.http11.Http11NioProtocol] [       log,173] : Starting ProtocolHandler ["http-nio-8080"]
2020-06-12 17:27:26.107  INFO [           main] [ o.s.b.w.embedded.tomcat.TomcatWebServer] [     start,203] : Tomcat started on port(s): 8080 (http) with context path ''
2020-06-12 17:27:26.113  INFO [           main] [          c.z.mybatis.MybatisApplication] [logStarted,61] : Started MybatisApplication in 11.227 seconds (JVM running for 12.969)
2020-06-12 17:28:00.048  INFO [pool-1-thread-1] [ c.z.mybatis.autotask.VoucherDBScheduler] [dateScheduler,70] : 定时器检查优惠券过期时间
2020-06-12 17:28:11.638  INFO [SpringContextShutdownHook] [ o.s.s.concurrent.ThreadPoolTaskExecutor] [  shutdown,218] : Shutting down ExecutorService 'applicationTaskExecutor'
2020-06-12 17:28:11.682  INFO [SpringContextShutdownHook] [j.LocalContainerEntityManagerFactoryBean] [   destroy,598] : Closing JPA EntityManagerFactory for persistence unit 'default'
2020-06-12 17:28:11.685  INFO [SpringContextShutdownHook] [      com.zaxxer.hikari.HikariDataSource] [     close,350] : HikariPool-1 - Shutdown initiated...
2020-06-12 17:28:11.704  INFO [SpringContextShutdownHook] [      com.zaxxer.hikari.HikariDataSource] [     close,352] : HikariPool-1 - Shutdown completed.
2020-06-12 17:30:03.166  INFO [           main] [          c.z.mybatis.MybatisApplication] [logStarting,55] : Starting MybatisApplication on Zilins-Air with PID 24804 (/Users/zilinsmac/Desktop/mybatis/target/classes started by zilinsmac in /Users/zilinsmac/Desktop/mybatis)
2020-06-12 17:30:03.192  INFO [           main] [          c.z.mybatis.MybatisApplication] [logStartupProfileInfo,651] : No active profile set, falling back to default profiles: default
2020-06-12 17:30:05.308  INFO [           main] [.s.d.r.c.RepositoryConfigurationDelegate] [multipleStoresDetected,249] : Multiple Spring Data modules found, entering strict repository configuration mode!
2020-06-12 17:30:05.311  INFO [           main] [.s.d.r.c.RepositoryConfigurationDelegate] [registerRepositoriesIn,127] : Bootstrapping Spring Data JPA repositories in DEFAULT mode.
2020-06-12 17:30:05.376  INFO [           main] [.s.d.r.c.RepositoryConfigurationDelegate] [registerRepositoriesIn,187] : Finished Spring Data repository scanning in 47ms. Found 0 JPA repository interfaces.
2020-06-12 17:30:05.415  INFO [           main] [.s.d.r.c.RepositoryConfigurationDelegate] [multipleStoresDetected,249] : Multiple Spring Data modules found, entering strict repository configuration mode!
2020-06-12 17:30:05.418  INFO [           main] [.s.d.r.c.RepositoryConfigurationDelegate] [registerRepositoriesIn,127] : Bootstrapping Spring Data Redis repositories in DEFAULT mode.
2020-06-12 17:30:05.445  INFO [           main] [.s.d.r.c.RepositoryConfigurationDelegate] [registerRepositoriesIn,187] : Finished Spring Data repository scanning in 9ms. Found 0 Redis repository interfaces.
2020-06-12 17:30:07.039  INFO [           main] [ o.s.b.w.embedded.tomcat.TomcatWebServer] [initialize,91] : Tomcat initialized with port(s): 8080 (http)
2020-06-12 17:30:07.055  INFO [           main] [o.apache.coyote.http11.Http11NioProtocol] [       log,173] : Initializing ProtocolHandler ["http-nio-8080"]
2020-06-12 17:30:07.056  INFO [           main] [org.apache.catalina.core.StandardService] [       log,173] : Starting service [Tomcat]
2020-06-12 17:30:07.057  INFO [           main] [ org.apache.catalina.core.StandardEngine] [       log,173] : Starting Servlet engine: [Apache Tomcat/9.0.34]
2020-06-12 17:30:07.238  INFO [           main] [      o.a.c.c.C.[Tomcat].[localhost].[/]] [       log,173] : Initializing Spring embedded WebApplicationContext
2020-06-12 17:30:07.239  INFO [           main] [           o.s.web.context.ContextLoader] [prepareWebApplicationContext,284] : Root WebApplicationContext: initialization completed in 3653 ms
2020-06-12 17:30:07.503  INFO [           main] [      com.zaxxer.hikari.HikariDataSource] [getConnection,110] : HikariPool-1 - Starting...
2020-06-12 17:30:08.120  INFO [           main] [      com.zaxxer.hikari.HikariDataSource] [getConnection,123] : HikariPool-1 - Start completed.
2020-06-12 17:30:08.238  INFO [           main] [ o.hibernate.jpa.internal.util.LogHelper] [logPersistenceUnitInformation,31] : HHH000204: Processing PersistenceUnitInfo [name: default]
2020-06-12 17:30:08.385  INFO [           main] [                   org.hibernate.Version] [logVersion,44] : HHH000412: Hibernate ORM core version 5.4.15.Final
2020-06-12 17:30:08.662  INFO [           main] [org.hibernate.annotations.common.Version] [  <clinit>,49] : HCANN000001: Hibernate Commons Annotations {5.1.0.Final}
2020-06-12 17:30:08.860  INFO [           main] [           org.hibernate.dialect.Dialect] [    <init>,172] : HHH000400: Using dialect: org.hibernate.dialect.MySQL8Dialect
2020-06-12 17:30:09.281  INFO [           main] [      o.h.e.t.j.p.i.JtaPlatformInitiator] [initiateService,52] : HHH000490: Using JtaPlatform implementation: [org.hibernate.engine.transaction.jta.platform.internal.NoJtaPlatform]
2020-06-12 17:30:09.298  INFO [           main] [j.LocalContainerEntityManagerFactoryBean] [buildNativeEntityManagerFactory,416] : Initialized JPA EntityManagerFactory for persistence unit 'default'
2020-06-12 17:30:10.764  WARN [           main] [JpaBaseConfiguration$JpaWebConfiguration] [openEntityManagerInViewInterceptor,220] : spring.jpa.open-in-view is enabled by default. Therefore, database queries may be performed during view rendering. Explicitly configure spring.jpa.open-in-view to disable this warning
2020-06-12 17:30:10.948  INFO [           main] [ o.s.s.concurrent.ThreadPoolTaskExecutor] [initialize,181] : Initializing ExecutorService 'applicationTaskExecutor'
2020-06-12 17:30:11.498  INFO [           main] [s.a.ScheduledAnnotationBeanPostProcessor] [finishRegistration,297] : No TaskScheduler/ScheduledExecutorService bean found for scheduled processing
2020-06-12 17:30:11.573  INFO [           main] [o.apache.coyote.http11.Http11NioProtocol] [       log,173] : Starting ProtocolHandler ["http-nio-8080"]
2020-06-12 17:30:11.612  INFO [           main] [ o.s.b.w.embedded.tomcat.TomcatWebServer] [     start,203] : Tomcat started on port(s): 8080 (http) with context path ''
2020-06-12 17:30:11.618  INFO [           main] [          c.z.mybatis.MybatisApplication] [logStarted,61] : Started MybatisApplication in 11.235 seconds (JVM running for 12.273)
2020-06-12 17:30:15.830  INFO [SpringContextShutdownHook] [ o.s.s.concurrent.ThreadPoolTaskExecutor] [  shutdown,218] : Shutting down ExecutorService 'applicationTaskExecutor'
2020-06-12 17:30:15.872  INFO [SpringContextShutdownHook] [j.LocalContainerEntityManagerFactoryBean] [   destroy,598] : Closing JPA EntityManagerFactory for persistence unit 'default'
2020-06-12 17:30:15.879  INFO [SpringContextShutdownHook] [      com.zaxxer.hikari.HikariDataSource] [     close,350] : HikariPool-1 - Shutdown initiated...
2020-06-12 17:30:15.907  INFO [SpringContextShutdownHook] [      com.zaxxer.hikari.HikariDataSource] [     close,352] : HikariPool-1 - Shutdown completed.
