2020-06-11 18:04:16.165  INFO [           main] [          c.z.mybatis.MybatisApplication] [logStarting,55] : Starting MybatisApplication on Zilins-Air with PID 22734 (/Users/zilinsmac/Desktop/mybatis/target/classes started by zilinsmac in /Users/zilinsmac/Desktop/mybatis)
2020-06-11 18:04:16.172  INFO [           main] [          c.z.mybatis.MybatisApplication] [logStartupProfileInfo,651] : No active profile set, falling back to default profiles: default
2020-06-11 18:04:18.047  INFO [           main] [.s.d.r.c.RepositoryConfigurationDelegate] [multipleStoresDetected,249] : Multiple Spring Data modules found, entering strict repository configuration mode!
2020-06-11 18:04:18.050  INFO [           main] [.s.d.r.c.RepositoryConfigurationDelegate] [registerRepositoriesIn,127] : Bootstrapping Spring Data JPA repositories in DEFAULT mode.
2020-06-11 18:04:18.101  INFO [           main] [.s.d.r.c.RepositoryConfigurationDelegate] [registerRepositoriesIn,187] : Finished Spring Data repository scanning in 29ms. Found 0 JPA repository interfaces.
2020-06-11 18:04:18.133  INFO [           main] [.s.d.r.c.RepositoryConfigurationDelegate] [multipleStoresDetected,249] : Multiple Spring Data modules found, entering strict repository configuration mode!
2020-06-11 18:04:18.135  INFO [           main] [.s.d.r.c.RepositoryConfigurationDelegate] [registerRepositoriesIn,127] : Bootstrapping Spring Data Redis repositories in DEFAULT mode.
2020-06-11 18:04:18.163  INFO [           main] [.s.d.r.c.RepositoryConfigurationDelegate] [registerRepositoriesIn,187] : Finished Spring Data repository scanning in 12ms. Found 0 Redis repository interfaces.
2020-06-11 18:04:19.638  INFO [           main] [ o.s.b.w.embedded.tomcat.TomcatWebServer] [initialize,91] : Tomcat initialized with port(s): 8080 (http)
2020-06-11 18:04:19.654  INFO [           main] [o.apache.coyote.http11.Http11NioProtocol] [       log,173] : Initializing ProtocolHandler ["http-nio-8080"]
2020-06-11 18:04:19.655  INFO [           main] [org.apache.catalina.core.StandardService] [       log,173] : Starting service [Tomcat]
2020-06-11 18:04:19.656  INFO [           main] [ org.apache.catalina.core.StandardEngine] [       log,173] : Starting Servlet engine: [Apache Tomcat/9.0.34]
2020-06-11 18:04:19.823  INFO [           main] [      o.a.c.c.C.[Tomcat].[localhost].[/]] [       log,173] : Initializing Spring embedded WebApplicationContext
2020-06-11 18:04:19.824  INFO [           main] [           o.s.web.context.ContextLoader] [prepareWebApplicationContext,284] : Root WebApplicationContext: initialization completed in 3330 ms
2020-06-11 18:04:20.068  INFO [           main] [      com.zaxxer.hikari.HikariDataSource] [getConnection,110] : HikariPool-1 - Starting...
2020-06-11 18:04:20.991  INFO [           main] [      com.zaxxer.hikari.HikariDataSource] [getConnection,123] : HikariPool-1 - Start completed.
2020-06-11 18:04:21.095  INFO [           main] [ o.hibernate.jpa.internal.util.LogHelper] [logPersistenceUnitInformation,31] : HHH000204: Processing PersistenceUnitInfo [name: default]
2020-06-11 18:04:21.236  INFO [           main] [                   org.hibernate.Version] [logVersion,44] : HHH000412: Hibernate ORM core version 5.4.15.Final
2020-06-11 18:04:21.596  INFO [           main] [org.hibernate.annotations.common.Version] [  <clinit>,49] : HCANN000001: Hibernate Commons Annotations {5.1.0.Final}
2020-06-11 18:04:21.863  INFO [           main] [           org.hibernate.dialect.Dialect] [    <init>,172] : HHH000400: Using dialect: org.hibernate.dialect.MySQL8Dialect
2020-06-11 18:04:22.328  INFO [           main] [      o.h.e.t.j.p.i.JtaPlatformInitiator] [initiateService,52] : HHH000490: Using JtaPlatform implementation: [org.hibernate.engine.transaction.jta.platform.internal.NoJtaPlatform]
2020-06-11 18:04:22.353  INFO [           main] [j.LocalContainerEntityManagerFactoryBean] [buildNativeEntityManagerFactory,416] : Initialized JPA EntityManagerFactory for persistence unit 'default'
2020-06-11 18:04:23.843  WARN [           main] [JpaBaseConfiguration$JpaWebConfiguration] [openEntityManagerInViewInterceptor,220] : spring.jpa.open-in-view is enabled by default. Therefore, database queries may be performed during view rendering. Explicitly configure spring.jpa.open-in-view to disable this warning
2020-06-11 18:04:24.038  INFO [           main] [ o.s.s.concurrent.ThreadPoolTaskExecutor] [initialize,181] : Initializing ExecutorService 'applicationTaskExecutor'
2020-06-11 18:04:24.670  INFO [           main] [o.apache.coyote.http11.Http11NioProtocol] [       log,173] : Starting ProtocolHandler ["http-nio-8080"]
2020-06-11 18:04:24.722  INFO [           main] [ o.s.b.w.embedded.tomcat.TomcatWebServer] [     start,203] : Tomcat started on port(s): 8080 (http) with context path ''
2020-06-11 18:04:24.727  INFO [           main] [          c.z.mybatis.MybatisApplication] [logStarted,61] : Started MybatisApplication in 11.816 seconds (JVM running for 13.663)
2020-06-11 18:14:45.791  INFO [http-nio-8080-exec-1] [      o.a.c.c.C.[Tomcat].[localhost].[/]] [       log,173] : Initializing Spring DispatcherServlet 'dispatcherServlet'
2020-06-11 18:14:45.794  INFO [http-nio-8080-exec-1] [       o.s.web.servlet.DispatcherServlet] [initServletBean,525] : Initializing Servlet 'dispatcherServlet'
2020-06-11 18:14:45.924  INFO [http-nio-8080-exec-1] [       o.s.web.servlet.DispatcherServlet] [initServletBean,547] : Completed initialization in 128 ms
2020-06-11 18:14:45.963  INFO [http-nio-8080-exec-1] [       c.z.m.i.RequestIdTraceInterceptor] [ preHandle,29] : 生成traceId: 6b2b417bb899411f8f1978ed12fadbf7
2020-06-11 18:14:46.091  INFO [http-nio-8080-exec-1] [  c.z.mybatis.interceptor.LogInterceptor] [ preHandle,43] : logData=={"traceId":"6b2b417bb899411f8f1978ed12fadbf7","logType":"start","ip":"0:0:0:0:0:0:0:1","reqPath":"/user/index"}
2020-06-11 18:14:46.968  INFO [http-nio-8080-exec-1] [  c.z.mybatis.interceptor.LogInterceptor] [afterCompletion,66] : logData=={"traceId":"6b2b417bb899411f8f1978ed12fadbf7","logType":"end","consumeTime":979}
2020-06-11 18:14:50.071  INFO [http-nio-8080-exec-2] [       c.z.m.i.RequestIdTraceInterceptor] [ preHandle,29] : 生成traceId: 103f728556d24481926d522a640db76a
2020-06-11 18:14:50.079  INFO [http-nio-8080-exec-2] [  c.z.mybatis.interceptor.LogInterceptor] [ preHandle,43] : logData=={"traceId":"103f728556d24481926d522a640db76a","logType":"start","ip":"0:0:0:0:0:0:0:1","reqPath":"/user/getCode","username":["zc2421"]}
2020-06-11 18:14:52.507  INFO [http-nio-8080-exec-2] [           io.lettuce.core.EpollProvider] [  <clinit>,68] : Starting without optional epoll library
2020-06-11 18:14:52.509  INFO [http-nio-8080-exec-2] [          io.lettuce.core.KqueueProvider] [  <clinit>,70] : Starting without optional kqueue library
2020-06-11 18:14:52.783  INFO [http-nio-8080-exec-2] [  c.z.mybatis.interceptor.LogInterceptor] [afterCompletion,66] : logData=={"traceId":"103f728556d24481926d522a640db76a","logType":"end","consumeTime":2711}
2020-06-11 18:15:14.238  INFO [http-nio-8080-exec-4] [       c.z.m.i.RequestIdTraceInterceptor] [ preHandle,29] : 生成traceId: a94934d439af43a2b35188613d8e7303
2020-06-11 18:15:14.240  INFO [http-nio-8080-exec-4] [  c.z.mybatis.interceptor.LogInterceptor] [ preHandle,43] : logData=={"traceId":"a94934d439af43a2b35188613d8e7303","logType":"start","code":["6836"],"ip":"0:0:0:0:0:0:0:1","reqPath":"/user/login","username":["zc2421"]}
2020-06-11 18:15:14.369  INFO [http-nio-8080-exec-4] [  c.z.mybatis.interceptor.LogInterceptor] [afterCompletion,66] : logData=={"traceId":"a94934d439af43a2b35188613d8e7303","logType":"end","consumeTime":130}
2020-06-11 18:15:16.498  INFO [http-nio-8080-exec-5] [       c.z.m.i.RequestIdTraceInterceptor] [ preHandle,29] : 生成traceId: 84e0ce7f7e5e40e7b02e0c938a4db6d0
2020-06-11 18:15:16.499  INFO [http-nio-8080-exec-5] [  c.z.mybatis.interceptor.LogInterceptor] [ preHandle,43] : logData=={"traceId":"84e0ce7f7e5e40e7b02e0c938a4db6d0","logType":"start","user_id":["13"],"ip":"0:0:0:0:0:0:0:1","reqPath":"/order/in_progress"}
2020-06-11 18:15:16.573  INFO [http-nio-8080-exec-5] [  c.z.mybatis.interceptor.LogInterceptor] [afterCompletion,66] : logData=={"traceId":"84e0ce7f7e5e40e7b02e0c938a4db6d0","logType":"end","consumeTime":74}
2020-06-11 18:15:17.795  INFO [http-nio-8080-exec-6] [       c.z.m.i.RequestIdTraceInterceptor] [ preHandle,29] : 生成traceId: a22bab9799b842f2bd58c13527e84bbd
2020-06-11 18:15:17.796  INFO [http-nio-8080-exec-6] [  c.z.mybatis.interceptor.LogInterceptor] [ preHandle,43] : logData=={"traceId":"a22bab9799b842f2bd58c13527e84bbd","logType":"start","ip":"0:0:0:0:0:0:0:1","reqPath":"/order/summary","order_id":["1591658890917245612"]}
2020-06-11 18:15:17.874  INFO [http-nio-8080-exec-6] [  c.z.mybatis.interceptor.LogInterceptor] [afterCompletion,66] : logData=={"traceId":"a22bab9799b842f2bd58c13527e84bbd","logType":"end","consumeTime":79}
2020-06-11 18:16:05.187  INFO [http-nio-8080-exec-8] [       c.z.m.i.RequestIdTraceInterceptor] [ preHandle,29] : 生成traceId: 5b47d6b1c48242dea7f141672ec084a1
2020-06-11 18:16:05.189  INFO [http-nio-8080-exec-8] [  c.z.mybatis.interceptor.LogInterceptor] [ preHandle,43] : logData=={"traceId":"5b47d6b1c48242dea7f141672ec084a1","logType":"start","ip":"0:0:0:0:0:0:0:1","reqPath":"/order/summary","order_id":["1591658890917245612"]}
2020-06-11 18:16:05.229  INFO [http-nio-8080-exec-8] [  c.z.mybatis.interceptor.LogInterceptor] [afterCompletion,66] : logData=={"traceId":"5b47d6b1c48242dea7f141672ec084a1","logType":"end","consumeTime":41}
2020-06-11 18:16:08.500  INFO [http-nio-8080-exec-9] [       c.z.m.i.RequestIdTraceInterceptor] [ preHandle,29] : 生成traceId: 405b6324068b41df97d0d64c9b2b9ddc
2020-06-11 18:16:08.501  INFO [http-nio-8080-exec-9] [  c.z.mybatis.interceptor.LogInterceptor] [ preHandle,43] : logData=={"traceId":"405b6324068b41df97d0d64c9b2b9ddc","logType":"start","user_id":["13"],"ip":"0:0:0:0:0:0:0:1","voucher_id":["1"],"reqPath":"/order/voucher","order_id":["1591658890917245612"]}
2020-06-11 18:16:08.633  INFO [http-nio-8080-exec-9] [  c.z.mybatis.interceptor.LogInterceptor] [afterCompletion,66] : logData=={"traceId":"405b6324068b41df97d0d64c9b2b9ddc","logType":"end","consumeTime":132}
2020-06-11 18:16:08.650  INFO [http-nio-8080-exec-9] [       c.z.m.i.RequestIdTraceInterceptor] [ preHandle,29] : 生成traceId: ecdc56d4357e450fabc6cf650704866c
2020-06-11 18:16:08.650  INFO [http-nio-8080-exec-9] [  c.z.mybatis.interceptor.LogInterceptor] [ preHandle,43] : logData=={"traceId":"ecdc56d4357e450fabc6cf650704866c","logType":"start","user_id":["13"],"ip":"0:0:0:0:0:0:0:1","voucher_id":["1"],"reqPath":"/error","order_id":["1591658890917245612"]}
2020-06-11 18:16:08.827  INFO [http-nio-8080-exec-9] [  c.z.mybatis.interceptor.LogInterceptor] [afterCompletion,66] : logData=={"traceId":"ecdc56d4357e450fabc6cf650704866c","logType":"end","consumeTime":177}
2020-06-11 18:19:56.679  INFO [SpringContextShutdownHook] [ o.s.s.concurrent.ThreadPoolTaskExecutor] [  shutdown,218] : Shutting down ExecutorService 'applicationTaskExecutor'
2020-06-11 18:19:56.814  INFO [SpringContextShutdownHook] [j.LocalContainerEntityManagerFactoryBean] [   destroy,598] : Closing JPA EntityManagerFactory for persistence unit 'default'
2020-06-11 18:19:56.817  INFO [SpringContextShutdownHook] [      com.zaxxer.hikari.HikariDataSource] [     close,350] : HikariPool-1 - Shutdown initiated...
2020-06-11 18:19:56.834  INFO [SpringContextShutdownHook] [      com.zaxxer.hikari.HikariDataSource] [     close,352] : HikariPool-1 - Shutdown completed.
2020-06-11 18:20:04.213  INFO [           main] [          c.z.mybatis.MybatisApplication] [logStarting,55] : Starting MybatisApplication on Zilins-Air with PID 22798 (/Users/zilinsmac/Desktop/mybatis/target/classes started by zilinsmac in /Users/zilinsmac/Desktop/mybatis)
2020-06-11 18:20:04.221  INFO [           main] [          c.z.mybatis.MybatisApplication] [logStartupProfileInfo,651] : No active profile set, falling back to default profiles: default
2020-06-11 18:20:05.495  INFO [           main] [.s.d.r.c.RepositoryConfigurationDelegate] [multipleStoresDetected,249] : Multiple Spring Data modules found, entering strict repository configuration mode!
2020-06-11 18:20:05.500  INFO [           main] [.s.d.r.c.RepositoryConfigurationDelegate] [registerRepositoriesIn,127] : Bootstrapping Spring Data JPA repositories in DEFAULT mode.
2020-06-11 18:20:05.594  INFO [           main] [.s.d.r.c.RepositoryConfigurationDelegate] [registerRepositoriesIn,187] : Finished Spring Data repository scanning in 66ms. Found 0 JPA repository interfaces.
2020-06-11 18:20:05.631  INFO [           main] [.s.d.r.c.RepositoryConfigurationDelegate] [multipleStoresDetected,249] : Multiple Spring Data modules found, entering strict repository configuration mode!
2020-06-11 18:20:05.634  INFO [           main] [.s.d.r.c.RepositoryConfigurationDelegate] [registerRepositoriesIn,127] : Bootstrapping Spring Data Redis repositories in DEFAULT mode.
2020-06-11 18:20:05.663  INFO [           main] [.s.d.r.c.RepositoryConfigurationDelegate] [registerRepositoriesIn,187] : Finished Spring Data repository scanning in 12ms. Found 0 Redis repository interfaces.
2020-06-11 18:20:06.900  INFO [           main] [ o.s.b.w.embedded.tomcat.TomcatWebServer] [initialize,91] : Tomcat initialized with port(s): 8080 (http)
2020-06-11 18:20:06.924  INFO [           main] [o.apache.coyote.http11.Http11NioProtocol] [       log,173] : Initializing ProtocolHandler ["http-nio-8080"]
2020-06-11 18:20:06.926  INFO [           main] [org.apache.catalina.core.StandardService] [       log,173] : Starting service [Tomcat]
2020-06-11 18:20:06.928  INFO [           main] [ org.apache.catalina.core.StandardEngine] [       log,173] : Starting Servlet engine: [Apache Tomcat/9.0.34]
2020-06-11 18:20:07.097  INFO [           main] [      o.a.c.c.C.[Tomcat].[localhost].[/]] [       log,173] : Initializing Spring embedded WebApplicationContext
2020-06-11 18:20:07.097  INFO [           main] [           o.s.web.context.ContextLoader] [prepareWebApplicationContext,284] : Root WebApplicationContext: initialization completed in 2721 ms
2020-06-11 18:20:07.324  INFO [           main] [      com.zaxxer.hikari.HikariDataSource] [getConnection,110] : HikariPool-1 - Starting...
2020-06-11 18:20:07.861  INFO [           main] [      com.zaxxer.hikari.HikariDataSource] [getConnection,123] : HikariPool-1 - Start completed.
2020-06-11 18:20:07.961  INFO [           main] [ o.hibernate.jpa.internal.util.LogHelper] [logPersistenceUnitInformation,31] : HHH000204: Processing PersistenceUnitInfo [name: default]
2020-06-11 18:20:08.087  INFO [           main] [                   org.hibernate.Version] [logVersion,44] : HHH000412: Hibernate ORM core version 5.4.15.Final
2020-06-11 18:20:08.370  INFO [           main] [org.hibernate.annotations.common.Version] [  <clinit>,49] : HCANN000001: Hibernate Commons Annotations {5.1.0.Final}
2020-06-11 18:20:08.566  INFO [           main] [           org.hibernate.dialect.Dialect] [    <init>,172] : HHH000400: Using dialect: org.hibernate.dialect.MySQL8Dialect
2020-06-11 18:20:08.905  INFO [           main] [      o.h.e.t.j.p.i.JtaPlatformInitiator] [initiateService,52] : HHH000490: Using JtaPlatform implementation: [org.hibernate.engine.transaction.jta.platform.internal.NoJtaPlatform]
2020-06-11 18:20:08.917  INFO [           main] [j.LocalContainerEntityManagerFactoryBean] [buildNativeEntityManagerFactory,416] : Initialized JPA EntityManagerFactory for persistence unit 'default'
2020-06-11 18:20:10.121  WARN [           main] [JpaBaseConfiguration$JpaWebConfiguration] [openEntityManagerInViewInterceptor,220] : spring.jpa.open-in-view is enabled by default. Therefore, database queries may be performed during view rendering. Explicitly configure spring.jpa.open-in-view to disable this warning
2020-06-11 18:20:10.345  INFO [           main] [ o.s.s.concurrent.ThreadPoolTaskExecutor] [initialize,181] : Initializing ExecutorService 'applicationTaskExecutor'
2020-06-11 18:20:10.839  INFO [           main] [o.apache.coyote.http11.Http11NioProtocol] [       log,173] : Starting ProtocolHandler ["http-nio-8080"]
2020-06-11 18:20:10.881  INFO [           main] [ o.s.b.w.embedded.tomcat.TomcatWebServer] [     start,203] : Tomcat started on port(s): 8080 (http) with context path ''
2020-06-11 18:20:10.887  INFO [           main] [          c.z.mybatis.MybatisApplication] [logStarted,61] : Started MybatisApplication in 7.978 seconds (JVM running for 9.079)
2020-06-11 18:20:21.996  INFO [http-nio-8080-exec-1] [      o.a.c.c.C.[Tomcat].[localhost].[/]] [       log,173] : Initializing Spring DispatcherServlet 'dispatcherServlet'
2020-06-11 18:20:21.997  INFO [http-nio-8080-exec-1] [       o.s.web.servlet.DispatcherServlet] [initServletBean,525] : Initializing Servlet 'dispatcherServlet'
2020-06-11 18:20:22.013  INFO [http-nio-8080-exec-1] [       o.s.web.servlet.DispatcherServlet] [initServletBean,547] : Completed initialization in 16 ms
2020-06-11 18:20:22.036  INFO [http-nio-8080-exec-1] [       c.z.m.i.RequestIdTraceInterceptor] [ preHandle,29] : 生成traceId: 2759c4a0b8974f8d9c462ed8221b9003
2020-06-11 18:20:22.133  INFO [http-nio-8080-exec-1] [  c.z.mybatis.interceptor.LogInterceptor] [ preHandle,43] : logData=={"traceId":"2759c4a0b8974f8d9c462ed8221b9003","logType":"start","ip":"0:0:0:0:0:0:0:1","reqPath":"/user/index"}
2020-06-11 18:20:22.845  INFO [http-nio-8080-exec-1] [  c.z.mybatis.interceptor.LogInterceptor] [afterCompletion,66] : logData=={"traceId":"2759c4a0b8974f8d9c462ed8221b9003","logType":"end","consumeTime":788}
2020-06-11 18:20:25.405  INFO [http-nio-8080-exec-2] [       c.z.m.i.RequestIdTraceInterceptor] [ preHandle,29] : 生成traceId: 4670edb414dd4de699b405eafc382019
2020-06-11 18:20:25.410  INFO [http-nio-8080-exec-2] [  c.z.mybatis.interceptor.LogInterceptor] [ preHandle,43] : logData=={"traceId":"4670edb414dd4de699b405eafc382019","logType":"start","ip":"0:0:0:0:0:0:0:1","reqPath":"/user/getCode","username":["zc2421"]}
2020-06-11 18:20:27.640  INFO [http-nio-8080-exec-2] [           io.lettuce.core.EpollProvider] [  <clinit>,68] : Starting without optional epoll library
2020-06-11 18:20:27.643  INFO [http-nio-8080-exec-2] [          io.lettuce.core.KqueueProvider] [  <clinit>,70] : Starting without optional kqueue library
2020-06-11 18:20:27.951  INFO [http-nio-8080-exec-2] [  c.z.mybatis.interceptor.LogInterceptor] [afterCompletion,66] : logData=={"traceId":"4670edb414dd4de699b405eafc382019","logType":"end","consumeTime":2545}
2020-06-11 18:20:35.736  INFO [http-nio-8080-exec-4] [       c.z.m.i.RequestIdTraceInterceptor] [ preHandle,29] : 生成traceId: 2872acc0e95944dcafdbda5afaf079a1
2020-06-11 18:20:35.738  INFO [http-nio-8080-exec-4] [  c.z.mybatis.interceptor.LogInterceptor] [ preHandle,43] : logData=={"traceId":"2872acc0e95944dcafdbda5afaf079a1","logType":"start","code":["5270"],"ip":"0:0:0:0:0:0:0:1","reqPath":"/user/login","username":["zc2421"]}
2020-06-11 18:20:35.860  INFO [http-nio-8080-exec-4] [  c.z.mybatis.interceptor.LogInterceptor] [afterCompletion,66] : logData=={"traceId":"2872acc0e95944dcafdbda5afaf079a1","logType":"end","consumeTime":123}
2020-06-11 18:20:37.754  INFO [http-nio-8080-exec-5] [       c.z.m.i.RequestIdTraceInterceptor] [ preHandle,29] : 生成traceId: d8dabbdb1dc346bdba65b6c199980a35
2020-06-11 18:20:37.756  INFO [http-nio-8080-exec-5] [  c.z.mybatis.interceptor.LogInterceptor] [ preHandle,43] : logData=={"traceId":"d8dabbdb1dc346bdba65b6c199980a35","logType":"start","user_id":["13"],"ip":"0:0:0:0:0:0:0:1","reqPath":"/order/in_progress"}
2020-06-11 18:20:37.823  INFO [http-nio-8080-exec-5] [  c.z.mybatis.interceptor.LogInterceptor] [afterCompletion,66] : logData=={"traceId":"d8dabbdb1dc346bdba65b6c199980a35","logType":"end","consumeTime":67}
2020-06-11 18:20:39.100  INFO [http-nio-8080-exec-6] [       c.z.m.i.RequestIdTraceInterceptor] [ preHandle,29] : 生成traceId: a542cd5e40c843aba7297d2f84ed7a9a
2020-06-11 18:20:39.101  INFO [http-nio-8080-exec-6] [  c.z.mybatis.interceptor.LogInterceptor] [ preHandle,43] : logData=={"traceId":"a542cd5e40c843aba7297d2f84ed7a9a","logType":"start","ip":"0:0:0:0:0:0:0:1","reqPath":"/order/summary","order_id":["1591658890917245612"]}
2020-06-11 18:20:39.157  INFO [http-nio-8080-exec-6] [  c.z.mybatis.interceptor.LogInterceptor] [afterCompletion,66] : logData=={"traceId":"a542cd5e40c843aba7297d2f84ed7a9a","logType":"end","consumeTime":56}
2020-06-11 18:20:41.634  INFO [http-nio-8080-exec-7] [       c.z.m.i.RequestIdTraceInterceptor] [ preHandle,29] : 生成traceId: b0b20e15737548a0adc634ba7d463325
2020-06-11 18:20:41.635  INFO [http-nio-8080-exec-7] [  c.z.mybatis.interceptor.LogInterceptor] [ preHandle,43] : logData=={"traceId":"b0b20e15737548a0adc634ba7d463325","logType":"start","user_id":["13"],"ip":"0:0:0:0:0:0:0:1","voucher_id":["1"],"reqPath":"/order/voucher","order_id":["1591658890917245612"]}
2020-06-11 18:20:41.704  INFO [http-nio-8080-exec-7] [  c.z.mybatis.interceptor.LogInterceptor] [afterCompletion,66] : logData=={"traceId":"b0b20e15737548a0adc634ba7d463325","logType":"end","consumeTime":69}
2020-06-11 18:25:25.622  INFO [http-nio-8080-exec-10] [       c.z.m.i.RequestIdTraceInterceptor] [ preHandle,29] : 生成traceId: acd279d2611748409681d65f8c3208b3
2020-06-11 18:25:25.623  INFO [http-nio-8080-exec-10] [  c.z.mybatis.interceptor.LogInterceptor] [ preHandle,43] : logData=={"traceId":"acd279d2611748409681d65f8c3208b3","logType":"start","user_id":["13"],"ip":"0:0:0:0:0:0:0:1","voucher_id":["1"],"reqPath":"/order/voucher","order_id":["1591658890917245612"]}
2020-06-11 18:25:25.639  INFO [http-nio-8080-exec-10] [  c.z.mybatis.interceptor.LogInterceptor] [afterCompletion,66] : logData=={"traceId":"acd279d2611748409681d65f8c3208b3","logType":"end","consumeTime":15}
2020-06-11 18:27:02.093  INFO [http-nio-8080-exec-2] [       c.z.m.i.RequestIdTraceInterceptor] [ preHandle,29] : 生成traceId: f264dd8113be433992111a3cc9b8f449
2020-06-11 18:27:02.095  INFO [http-nio-8080-exec-2] [  c.z.mybatis.interceptor.LogInterceptor] [ preHandle,43] : logData=={"traceId":"f264dd8113be433992111a3cc9b8f449","logType":"start","ip":"0:0:0:0:0:0:0:1","reqPath":"/order/summary","order_id":["1591658890917245612"]}
2020-06-11 18:27:02.130  INFO [http-nio-8080-exec-2] [  c.z.mybatis.interceptor.LogInterceptor] [afterCompletion,66] : logData=={"traceId":"f264dd8113be433992111a3cc9b8f449","logType":"end","consumeTime":35}
2020-06-11 18:27:18.226  INFO [http-nio-8080-exec-4] [       c.z.m.i.RequestIdTraceInterceptor] [ preHandle,29] : 生成traceId: 3c62249a363b4f1b9c6411c921f5db80
2020-06-11 18:27:18.228  INFO [http-nio-8080-exec-4] [  c.z.mybatis.interceptor.LogInterceptor] [ preHandle,43] : logData=={"traceId":"3c62249a363b4f1b9c6411c921f5db80","logType":"start","user_id":["13"],"ip":"0:0:0:0:0:0:0:1","voucher_id":["2"],"reqPath":"/order/voucher","order_id":["1591658890917245612"]}
2020-06-11 18:27:18.358  INFO [http-nio-8080-exec-4] [  c.z.mybatis.interceptor.LogInterceptor] [afterCompletion,66] : logData=={"traceId":"3c62249a363b4f1b9c6411c921f5db80","logType":"end","consumeTime":131}
2020-06-11 18:27:18.373  INFO [http-nio-8080-exec-4] [       c.z.m.i.RequestIdTraceInterceptor] [ preHandle,29] : 生成traceId: 6ddb6dfd0160406ab26e25a33b4e9827
2020-06-11 18:27:18.374  INFO [http-nio-8080-exec-4] [  c.z.mybatis.interceptor.LogInterceptor] [ preHandle,43] : logData=={"traceId":"6ddb6dfd0160406ab26e25a33b4e9827","logType":"start","user_id":["13"],"ip":"0:0:0:0:0:0:0:1","voucher_id":["2"],"reqPath":"/error","order_id":["1591658890917245612"]}
2020-06-11 18:27:18.431  INFO [http-nio-8080-exec-4] [  c.z.mybatis.interceptor.LogInterceptor] [afterCompletion,66] : logData=={"traceId":"6ddb6dfd0160406ab26e25a33b4e9827","logType":"end","consumeTime":57}
2020-06-11 18:38:01.955  INFO [http-nio-8080-exec-5] [       c.z.m.i.RequestIdTraceInterceptor] [ preHandle,29] : 生成traceId: f45b5cfae30f4c8cbb2f14ac84c0e727
2020-06-11 18:38:01.957  INFO [http-nio-8080-exec-5] [  c.z.mybatis.interceptor.LogInterceptor] [ preHandle,43] : logData=={"traceId":"f45b5cfae30f4c8cbb2f14ac84c0e727","logType":"start","ip":"0:0:0:0:0:0:0:1","reqPath":"/user/index"}
2020-06-11 18:38:01.972  INFO [http-nio-8080-exec-5] [  c.z.mybatis.interceptor.LogInterceptor] [afterCompletion,66] : logData=={"traceId":"f45b5cfae30f4c8cbb2f14ac84c0e727","logType":"end","consumeTime":15}
2020-06-11 18:38:06.000  INFO [http-nio-8080-exec-6] [       c.z.m.i.RequestIdTraceInterceptor] [ preHandle,29] : 生成traceId: 5c919bafe93f4dcfad0668bd157b0e0c
2020-06-11 18:38:06.002  INFO [http-nio-8080-exec-6] [  c.z.mybatis.interceptor.LogInterceptor] [ preHandle,43] : logData=={"traceId":"5c919bafe93f4dcfad0668bd157b0e0c","logType":"start","ip":"0:0:0:0:0:0:0:1","reqPath":"/user/home"}
2020-06-11 18:38:06.020  INFO [http-nio-8080-exec-6] [  c.z.mybatis.interceptor.LogInterceptor] [afterCompletion,66] : logData=={"traceId":"5c919bafe93f4dcfad0668bd157b0e0c","logType":"end","consumeTime":19}
2020-06-11 18:38:10.547  INFO [http-nio-8080-exec-7] [       c.z.m.i.RequestIdTraceInterceptor] [ preHandle,29] : 生成traceId: 083b8a86b59b4fdb8a71237b95505a22
2020-06-11 18:38:10.549  INFO [http-nio-8080-exec-7] [  c.z.mybatis.interceptor.LogInterceptor] [ preHandle,43] : logData=={"traceId":"083b8a86b59b4fdb8a71237b95505a22","logType":"start","user_id":["13"],"ip":"0:0:0:0:0:0:0:1","reqPath":"/order/in_progress"}
2020-06-11 18:38:10.571  INFO [http-nio-8080-exec-7] [  c.z.mybatis.interceptor.LogInterceptor] [afterCompletion,66] : logData=={"traceId":"083b8a86b59b4fdb8a71237b95505a22","logType":"end","consumeTime":21}
2020-06-11 18:38:12.511  INFO [http-nio-8080-exec-9] [       c.z.m.i.RequestIdTraceInterceptor] [ preHandle,29] : 生成traceId: 2073b1cc53224b2ba4b19f81c1eda1cb
2020-06-11 18:38:12.513  INFO [http-nio-8080-exec-9] [  c.z.mybatis.interceptor.LogInterceptor] [ preHandle,43] : logData=={"traceId":"2073b1cc53224b2ba4b19f81c1eda1cb","logType":"start","ip":"0:0:0:0:0:0:0:1","reqPath":"/user/home"}
2020-06-11 18:38:12.532  INFO [http-nio-8080-exec-9] [  c.z.mybatis.interceptor.LogInterceptor] [afterCompletion,66] : logData=={"traceId":"2073b1cc53224b2ba4b19f81c1eda1cb","logType":"end","consumeTime":19}
2020-06-11 18:38:13.679  INFO [http-nio-8080-exec-10] [       c.z.m.i.RequestIdTraceInterceptor] [ preHandle,29] : 生成traceId: 6f06c90d577f42e59fcd5a6c6f9abb3c
2020-06-11 18:38:13.681  INFO [http-nio-8080-exec-10] [  c.z.mybatis.interceptor.LogInterceptor] [ preHandle,43] : logData=={"traceId":"6f06c90d577f42e59fcd5a6c6f9abb3c","logType":"start","ip":"0:0:0:0:0:0:0:1","reqPath":"/product/index"}
2020-06-11 18:38:13.815  INFO [http-nio-8080-exec-10] [  c.z.mybatis.interceptor.LogInterceptor] [afterCompletion,66] : logData=={"traceId":"6f06c90d577f42e59fcd5a6c6f9abb3c","logType":"end","consumeTime":135}
2020-06-11 18:38:13.864  INFO [http-nio-8080-exec-1] [       c.z.m.i.RequestIdTraceInterceptor] [ preHandle,29] : 生成traceId: 6b8a01cf88dd4e1a88a13b4b97c7a3bf
2020-06-11 18:38:13.865  INFO [http-nio-8080-exec-1] [  c.z.mybatis.interceptor.LogInterceptor] [ preHandle,43] : logData=={"traceId":"6b8a01cf88dd4e1a88a13b4b97c7a3bf","logType":"start","ip":"0:0:0:0:0:0:0:1","reqPath":"/images/noImage.png"}
2020-06-11 18:38:13.881  INFO [http-nio-8080-exec-1] [  c.z.mybatis.interceptor.LogInterceptor] [afterCompletion,66] : logData=={"traceId":"6b8a01cf88dd4e1a88a13b4b97c7a3bf","logType":"end","consumeTime":16}
2020-06-11 18:38:16.949  INFO [http-nio-8080-exec-2] [       c.z.m.i.RequestIdTraceInterceptor] [ preHandle,29] : 生成traceId: 1a72dc37d60b4397816e4e5da0fca095
2020-06-11 18:38:16.950  INFO [http-nio-8080-exec-2] [  c.z.mybatis.interceptor.LogInterceptor] [ preHandle,43] : logData=={"traceId":"1a72dc37d60b4397816e4e5da0fca095","logType":"start","ip":"0:0:0:0:0:0:0:1","product_id":["9"],"reqPath":"/product/addCart"}
2020-06-11 18:38:17.000  INFO [http-nio-8080-exec-2] [  c.z.mybatis.interceptor.LogInterceptor] [afterCompletion,66] : logData=={"traceId":"1a72dc37d60b4397816e4e5da0fca095","logType":"end","consumeTime":50}
2020-06-11 18:38:18.503  INFO [http-nio-8080-exec-3] [       c.z.m.i.RequestIdTraceInterceptor] [ preHandle,29] : 生成traceId: b8dcf742354d496b85f79b09464b2a4d
2020-06-11 18:38:18.505  INFO [http-nio-8080-exec-3] [  c.z.mybatis.interceptor.LogInterceptor] [ preHandle,43] : logData=={"traceId":"b8dcf742354d496b85f79b09464b2a4d","logType":"start","ip":"0:0:0:0:0:0:0:1","reqPath":"/product/index"}
2020-06-11 18:38:18.532  INFO [http-nio-8080-exec-3] [  c.z.mybatis.interceptor.LogInterceptor] [afterCompletion,66] : logData=={"traceId":"b8dcf742354d496b85f79b09464b2a4d","logType":"end","consumeTime":28}
2020-06-11 18:38:19.580  INFO [http-nio-8080-exec-4] [       c.z.m.i.RequestIdTraceInterceptor] [ preHandle,29] : 生成traceId: a28598c3723d43afbe4fa53d9196c3e1
2020-06-11 18:38:19.581  INFO [http-nio-8080-exec-4] [  c.z.mybatis.interceptor.LogInterceptor] [ preHandle,43] : logData=={"traceId":"a28598c3723d43afbe4fa53d9196c3e1","logType":"start","ip":"0:0:0:0:0:0:0:1","reqPath":"/product/cart"}
2020-06-11 18:38:19.607  INFO [http-nio-8080-exec-4] [  c.z.mybatis.interceptor.LogInterceptor] [afterCompletion,66] : logData=={"traceId":"a28598c3723d43afbe4fa53d9196c3e1","logType":"end","consumeTime":26}
2020-06-11 18:38:20.870  INFO [http-nio-8080-exec-5] [       c.z.m.i.RequestIdTraceInterceptor] [ preHandle,29] : 生成traceId: 7db4a1e6d4314e0c96268fe5aefcde8e
2020-06-11 18:38:20.871  INFO [http-nio-8080-exec-5] [  c.z.mybatis.interceptor.LogInterceptor] [ preHandle,43] : logData=={"traceId":"7db4a1e6d4314e0c96268fe5aefcde8e","logType":"start","ip":"0:0:0:0:0:0:0:1","product_id":["9"],"reqPath":"/product/increase"}
2020-06-11 18:38:20.910  INFO [http-nio-8080-exec-5] [  c.z.mybatis.interceptor.LogInterceptor] [afterCompletion,66] : logData=={"traceId":"7db4a1e6d4314e0c96268fe5aefcde8e","logType":"end","consumeTime":40}
2020-06-11 18:38:21.336  INFO [http-nio-8080-exec-6] [       c.z.m.i.RequestIdTraceInterceptor] [ preHandle,29] : 生成traceId: 4d7d7bac73e84ab9824298d4cfed2037
2020-06-11 18:38:21.338  INFO [http-nio-8080-exec-6] [  c.z.mybatis.interceptor.LogInterceptor] [ preHandle,43] : logData=={"traceId":"4d7d7bac73e84ab9824298d4cfed2037","logType":"start","ip":"0:0:0:0:0:0:0:1","product_id":["9"],"reqPath":"/product/increase"}
2020-06-11 18:38:21.363  INFO [http-nio-8080-exec-6] [  c.z.mybatis.interceptor.LogInterceptor] [afterCompletion,66] : logData=={"traceId":"4d7d7bac73e84ab9824298d4cfed2037","logType":"end","consumeTime":26}
2020-06-11 18:38:21.947  INFO [http-nio-8080-exec-7] [       c.z.m.i.RequestIdTraceInterceptor] [ preHandle,29] : 生成traceId: 799c8b3f705842ce88f19aecaaa10cc9
2020-06-11 18:38:21.948  INFO [http-nio-8080-exec-7] [  c.z.mybatis.interceptor.LogInterceptor] [ preHandle,43] : logData=={"traceId":"799c8b3f705842ce88f19aecaaa10cc9","logType":"start","ip":"0:0:0:0:0:0:0:1","product_id":["9"],"reqPath":"/product/increase"}
2020-06-11 18:38:21.977  INFO [http-nio-8080-exec-7] [  c.z.mybatis.interceptor.LogInterceptor] [afterCompletion,66] : logData=={"traceId":"799c8b3f705842ce88f19aecaaa10cc9","logType":"end","consumeTime":30}
2020-06-11 18:38:23.024  INFO [http-nio-8080-exec-8] [       c.z.m.i.RequestIdTraceInterceptor] [ preHandle,29] : 生成traceId: 70d13a1b91544f64a349278e1103b49c
2020-06-11 18:38:23.025  INFO [http-nio-8080-exec-8] [  c.z.mybatis.interceptor.LogInterceptor] [ preHandle,43] : logData=={"traceId":"70d13a1b91544f64a349278e1103b49c","logType":"start","ip":"0:0:0:0:0:0:0:1","product_id":["9"],"reqPath":"/product/increase"}
2020-06-11 18:38:23.054  INFO [http-nio-8080-exec-8] [  c.z.mybatis.interceptor.LogInterceptor] [afterCompletion,66] : logData=={"traceId":"70d13a1b91544f64a349278e1103b49c","logType":"end","consumeTime":29}
2020-06-11 18:38:24.462  INFO [http-nio-8080-exec-10] [       c.z.m.i.RequestIdTraceInterceptor] [ preHandle,29] : 生成traceId: 8069f71cf8a04a78b9dcb39651801255
2020-06-11 18:38:24.463  INFO [http-nio-8080-exec-10] [  c.z.mybatis.interceptor.LogInterceptor] [ preHandle,43] : logData=={"traceId":"8069f71cf8a04a78b9dcb39651801255","logType":"start","ip":"0:0:0:0:0:0:0:1","product_id":["9"],"reqPath":"/product/increase"}
2020-06-11 18:38:24.491  INFO [http-nio-8080-exec-10] [  c.z.mybatis.interceptor.LogInterceptor] [afterCompletion,66] : logData=={"traceId":"8069f71cf8a04a78b9dcb39651801255","logType":"end","consumeTime":28}
2020-06-11 18:38:27.480  INFO [http-nio-8080-exec-1] [       c.z.m.i.RequestIdTraceInterceptor] [ preHandle,29] : 生成traceId: 798f24500645446ca935c3ef98f804e7
2020-06-11 18:38:27.481  INFO [http-nio-8080-exec-1] [  c.z.mybatis.interceptor.LogInterceptor] [ preHandle,43] : logData=={"traceId":"798f24500645446ca935c3ef98f804e7","logType":"start","ip":"0:0:0:0:0:0:0:1","reqPath":"/order/create"}
2020-06-11 18:38:27.517  INFO [http-nio-8080-exec-1] [  c.z.mybatis.interceptor.LogInterceptor] [afterCompletion,66] : logData=={"traceId":"798f24500645446ca935c3ef98f804e7","logType":"end","consumeTime":36}
2020-06-11 18:38:46.610  INFO [http-nio-8080-exec-3] [       c.z.m.i.RequestIdTraceInterceptor] [ preHandle,29] : 生成traceId: d2f11640b9b247b7b78b20b600c9b279
2020-06-11 18:38:46.611  INFO [http-nio-8080-exec-3] [  c.z.mybatis.interceptor.LogInterceptor] [ preHandle,43] : logData=={"traceId":"d2f11640b9b247b7b78b20b600c9b279","logType":"start","ip":"0:0:0:0:0:0:0:1","reqPath":"/user/home"}
2020-06-11 18:38:46.631  INFO [http-nio-8080-exec-3] [  c.z.mybatis.interceptor.LogInterceptor] [afterCompletion,66] : logData=={"traceId":"d2f11640b9b247b7b78b20b600c9b279","logType":"end","consumeTime":20}
2020-06-11 18:38:47.652  INFO [http-nio-8080-exec-4] [       c.z.m.i.RequestIdTraceInterceptor] [ preHandle,29] : 生成traceId: 794f4bf9cdf24b9b8f0b90d7a564265e
2020-06-11 18:38:47.654  INFO [http-nio-8080-exec-4] [  c.z.mybatis.interceptor.LogInterceptor] [ preHandle,43] : logData=={"traceId":"794f4bf9cdf24b9b8f0b90d7a564265e","logType":"start","user_id":["13"],"ip":"0:0:0:0:0:0:0:1","reqPath":"/order/in_progress"}
2020-06-11 18:38:47.673  INFO [http-nio-8080-exec-4] [  c.z.mybatis.interceptor.LogInterceptor] [afterCompletion,66] : logData=={"traceId":"794f4bf9cdf24b9b8f0b90d7a564265e","logType":"end","consumeTime":19}
2020-06-11 18:38:48.888  INFO [http-nio-8080-exec-5] [       c.z.m.i.RequestIdTraceInterceptor] [ preHandle,29] : 生成traceId: d86c18fe06fa4cc88f1b38411ab186b8
2020-06-11 18:38:48.889  INFO [http-nio-8080-exec-5] [  c.z.mybatis.interceptor.LogInterceptor] [ preHandle,43] : logData=={"traceId":"d86c18fe06fa4cc88f1b38411ab186b8","logType":"start","ip":"0:0:0:0:0:0:0:1","reqPath":"/order/summary","order_id":["1591915107487306881"]}
2020-06-11 18:38:48.910  INFO [http-nio-8080-exec-5] [  c.z.mybatis.interceptor.LogInterceptor] [afterCompletion,66] : logData=={"traceId":"d86c18fe06fa4cc88f1b38411ab186b8","logType":"end","consumeTime":21}
2020-06-11 18:39:16.211  INFO [http-nio-8080-exec-7] [       c.z.m.i.RequestIdTraceInterceptor] [ preHandle,29] : 生成traceId: 8910cf502759430b830f15ada9590081
2020-06-11 18:39:16.212  INFO [http-nio-8080-exec-7] [  c.z.mybatis.interceptor.LogInterceptor] [ preHandle,43] : logData=={"traceId":"8910cf502759430b830f15ada9590081","logType":"start","user_id":["13"],"ip":"0:0:0:0:0:0:0:1","voucher_id":["1"],"reqPath":"/order/voucher","order_id":["1591915107487306881"]}
2020-06-11 18:39:16.241  INFO [http-nio-8080-exec-7] [  c.z.mybatis.interceptor.LogInterceptor] [afterCompletion,66] : logData=={"traceId":"8910cf502759430b830f15ada9590081","logType":"end","consumeTime":29}
2020-06-11 18:39:21.690  INFO [http-nio-8080-exec-9] [       c.z.m.i.RequestIdTraceInterceptor] [ preHandle,29] : 生成traceId: 4f024237f18f4e3c96c22dcdcc84781a
2020-06-11 18:39:21.691  INFO [http-nio-8080-exec-9] [  c.z.mybatis.interceptor.LogInterceptor] [ preHandle,43] : logData=={"traceId":"4f024237f18f4e3c96c22dcdcc84781a","logType":"start","user_id":["13"],"ip":"0:0:0:0:0:0:0:1","voucher_id":["1"],"reqPath":"/order/voucher","order_id":["1591915107487306881"]}
2020-06-11 18:39:21.697  INFO [http-nio-8080-exec-9] [  c.z.mybatis.interceptor.LogInterceptor] [afterCompletion,66] : logData=={"traceId":"4f024237f18f4e3c96c22dcdcc84781a","logType":"end","consumeTime":7}
2020-06-11 18:42:06.885  INFO [SpringContextShutdownHook] [ o.s.s.concurrent.ThreadPoolTaskExecutor] [  shutdown,218] : Shutting down ExecutorService 'applicationTaskExecutor'
2020-06-11 18:42:07.015  INFO [SpringContextShutdownHook] [j.LocalContainerEntityManagerFactoryBean] [   destroy,598] : Closing JPA EntityManagerFactory for persistence unit 'default'
2020-06-11 18:42:07.020  INFO [SpringContextShutdownHook] [      com.zaxxer.hikari.HikariDataSource] [     close,350] : HikariPool-1 - Shutdown initiated...
2020-06-11 18:42:07.034  INFO [SpringContextShutdownHook] [      com.zaxxer.hikari.HikariDataSource] [     close,352] : HikariPool-1 - Shutdown completed.
2020-06-11 18:42:15.659  INFO [           main] [          c.z.mybatis.MybatisApplication] [logStarting,55] : Starting MybatisApplication on Zilins-Air with PID 22909 (/Users/zilinsmac/Desktop/mybatis/target/classes started by zilinsmac in /Users/zilinsmac/Desktop/mybatis)
2020-06-11 18:42:15.666  INFO [           main] [          c.z.mybatis.MybatisApplication] [logStartupProfileInfo,651] : No active profile set, falling back to default profiles: default
2020-06-11 18:42:17.299  INFO [           main] [.s.d.r.c.RepositoryConfigurationDelegate] [multipleStoresDetected,249] : Multiple Spring Data modules found, entering strict repository configuration mode!
2020-06-11 18:42:17.303  INFO [           main] [.s.d.r.c.RepositoryConfigurationDelegate] [registerRepositoriesIn,127] : Bootstrapping Spring Data JPA repositories in DEFAULT mode.
2020-06-11 18:42:17.351  INFO [           main] [.s.d.r.c.RepositoryConfigurationDelegate] [registerRepositoriesIn,187] : Finished Spring Data repository scanning in 33ms. Found 0 JPA repository interfaces.
2020-06-11 18:42:17.383  INFO [           main] [.s.d.r.c.RepositoryConfigurationDelegate] [multipleStoresDetected,249] : Multiple Spring Data modules found, entering strict repository configuration mode!
2020-06-11 18:42:17.387  INFO [           main] [.s.d.r.c.RepositoryConfigurationDelegate] [registerRepositoriesIn,127] : Bootstrapping Spring Data Redis repositories in DEFAULT mode.
2020-06-11 18:42:17.420  INFO [           main] [.s.d.r.c.RepositoryConfigurationDelegate] [registerRepositoriesIn,187] : Finished Spring Data repository scanning in 12ms. Found 0 Redis repository interfaces.
2020-06-11 18:42:19.212  INFO [           main] [ o.s.b.w.embedded.tomcat.TomcatWebServer] [initialize,91] : Tomcat initialized with port(s): 8080 (http)
2020-06-11 18:42:19.234  INFO [           main] [o.apache.coyote.http11.Http11NioProtocol] [       log,173] : Initializing ProtocolHandler ["http-nio-8080"]
2020-06-11 18:42:19.235  INFO [           main] [org.apache.catalina.core.StandardService] [       log,173] : Starting service [Tomcat]
2020-06-11 18:42:19.236  INFO [           main] [ org.apache.catalina.core.StandardEngine] [       log,173] : Starting Servlet engine: [Apache Tomcat/9.0.34]
2020-06-11 18:42:19.647  INFO [           main] [      o.a.c.c.C.[Tomcat].[localhost].[/]] [       log,173] : Initializing Spring embedded WebApplicationContext
2020-06-11 18:42:19.648  INFO [           main] [           o.s.web.context.ContextLoader] [prepareWebApplicationContext,284] : Root WebApplicationContext: initialization completed in 3818 ms
2020-06-11 18:42:19.851  INFO [           main] [      com.zaxxer.hikari.HikariDataSource] [getConnection,110] : HikariPool-1 - Starting...
2020-06-11 18:42:20.573  INFO [           main] [      com.zaxxer.hikari.HikariDataSource] [getConnection,123] : HikariPool-1 - Start completed.
2020-06-11 18:42:20.838  INFO [           main] [ o.hibernate.jpa.internal.util.LogHelper] [logPersistenceUnitInformation,31] : HHH000204: Processing PersistenceUnitInfo [name: default]
2020-06-11 18:42:20.946  INFO [           main] [                   org.hibernate.Version] [logVersion,44] : HHH000412: Hibernate ORM core version 5.4.15.Final
2020-06-11 18:42:21.232  INFO [           main] [org.hibernate.annotations.common.Version] [  <clinit>,49] : HCANN000001: Hibernate Commons Annotations {5.1.0.Final}
2020-06-11 18:42:21.485  INFO [           main] [           org.hibernate.dialect.Dialect] [    <init>,172] : HHH000400: Using dialect: org.hibernate.dialect.MySQL8Dialect
2020-06-11 18:42:21.880  INFO [           main] [      o.h.e.t.j.p.i.JtaPlatformInitiator] [initiateService,52] : HHH000490: Using JtaPlatform implementation: [org.hibernate.engine.transaction.jta.platform.internal.NoJtaPlatform]
2020-06-11 18:42:21.897  INFO [           main] [j.LocalContainerEntityManagerFactoryBean] [buildNativeEntityManagerFactory,416] : Initialized JPA EntityManagerFactory for persistence unit 'default'
2020-06-11 18:42:23.428  WARN [           main] [JpaBaseConfiguration$JpaWebConfiguration] [openEntityManagerInViewInterceptor,220] : spring.jpa.open-in-view is enabled by default. Therefore, database queries may be performed during view rendering. Explicitly configure spring.jpa.open-in-view to disable this warning
2020-06-11 18:42:23.616  INFO [           main] [ o.s.s.concurrent.ThreadPoolTaskExecutor] [initialize,181] : Initializing ExecutorService 'applicationTaskExecutor'
2020-06-11 18:42:24.155  INFO [           main] [o.apache.coyote.http11.Http11NioProtocol] [       log,173] : Starting ProtocolHandler ["http-nio-8080"]
2020-06-11 18:42:24.194  INFO [           main] [ o.s.b.w.embedded.tomcat.TomcatWebServer] [     start,203] : Tomcat started on port(s): 8080 (http) with context path ''
2020-06-11 18:42:24.200  INFO [           main] [          c.z.mybatis.MybatisApplication] [logStarted,61] : Started MybatisApplication in 9.851 seconds (JVM running for 10.804)
2020-06-11 18:43:20.059  INFO [http-nio-8080-exec-1] [      o.a.c.c.C.[Tomcat].[localhost].[/]] [       log,173] : Initializing Spring DispatcherServlet 'dispatcherServlet'
2020-06-11 18:43:20.060  INFO [http-nio-8080-exec-1] [       o.s.web.servlet.DispatcherServlet] [initServletBean,525] : Initializing Servlet 'dispatcherServlet'
2020-06-11 18:43:20.077  INFO [http-nio-8080-exec-1] [       o.s.web.servlet.DispatcherServlet] [initServletBean,547] : Completed initialization in 16 ms
2020-06-11 18:43:20.104  INFO [http-nio-8080-exec-1] [       c.z.m.i.RequestIdTraceInterceptor] [ preHandle,29] : 生成traceId: 956cff173329459eb4699fda42f86364
2020-06-11 18:43:20.184  INFO [http-nio-8080-exec-1] [  c.z.mybatis.interceptor.LogInterceptor] [ preHandle,43] : logData=={"traceId":"956cff173329459eb4699fda42f86364","logType":"start","ip":"0:0:0:0:0:0:0:1","reqPath":"/user/index"}
2020-06-11 18:43:20.888  INFO [http-nio-8080-exec-1] [  c.z.mybatis.interceptor.LogInterceptor] [afterCompletion,66] : logData=={"traceId":"956cff173329459eb4699fda42f86364","logType":"end","consumeTime":767}
2020-06-11 18:43:22.667  INFO [http-nio-8080-exec-2] [       c.z.m.i.RequestIdTraceInterceptor] [ preHandle,29] : 生成traceId: d7273d4758c5439b8fc50844d2d978af
2020-06-11 18:43:22.675  INFO [http-nio-8080-exec-2] [  c.z.mybatis.interceptor.LogInterceptor] [ preHandle,43] : logData=={"traceId":"d7273d4758c5439b8fc50844d2d978af","logType":"start","ip":"0:0:0:0:0:0:0:1","reqPath":"/user/getCode","username":["zc2421"]}
2020-06-11 18:43:25.325  INFO [http-nio-8080-exec-2] [           io.lettuce.core.EpollProvider] [  <clinit>,68] : Starting without optional epoll library
2020-06-11 18:43:25.327  INFO [http-nio-8080-exec-2] [          io.lettuce.core.KqueueProvider] [  <clinit>,70] : Starting without optional kqueue library
2020-06-11 18:43:25.659  INFO [http-nio-8080-exec-2] [  c.z.mybatis.interceptor.LogInterceptor] [afterCompletion,66] : logData=={"traceId":"d7273d4758c5439b8fc50844d2d978af","logType":"end","consumeTime":2990}
2020-06-11 18:43:36.111  INFO [http-nio-8080-exec-4] [       c.z.m.i.RequestIdTraceInterceptor] [ preHandle,29] : 生成traceId: 1b27073e23fc4861af3d50b8175b36d4
2020-06-11 18:43:36.113  INFO [http-nio-8080-exec-4] [  c.z.mybatis.interceptor.LogInterceptor] [ preHandle,43] : logData=={"traceId":"1b27073e23fc4861af3d50b8175b36d4","logType":"start","code":["8255"],"ip":"0:0:0:0:0:0:0:1","reqPath":"/user/login","username":["zc2421"]}
2020-06-11 18:43:36.249  INFO [http-nio-8080-exec-4] [  c.z.mybatis.interceptor.LogInterceptor] [afterCompletion,66] : logData=={"traceId":"1b27073e23fc4861af3d50b8175b36d4","logType":"end","consumeTime":136}
2020-06-11 18:43:44.848  INFO [http-nio-8080-exec-5] [       c.z.m.i.RequestIdTraceInterceptor] [ preHandle,29] : 生成traceId: e3a4e1e660ee40649a71bf1a00b78e4d
2020-06-11 18:43:44.850  INFO [http-nio-8080-exec-5] [  c.z.mybatis.interceptor.LogInterceptor] [ preHandle,43] : logData=={"traceId":"e3a4e1e660ee40649a71bf1a00b78e4d","logType":"start","ip":"0:0:0:0:0:0:0:1","reqPath":"/product/index"}
2020-06-11 18:43:44.994  INFO [http-nio-8080-exec-5] [  c.z.mybatis.interceptor.LogInterceptor] [afterCompletion,66] : logData=={"traceId":"e3a4e1e660ee40649a71bf1a00b78e4d","logType":"end","consumeTime":145}
2020-06-11 18:43:45.041  INFO [http-nio-8080-exec-6] [       c.z.m.i.RequestIdTraceInterceptor] [ preHandle,29] : 生成traceId: e70a205e5bc542ae85598670695ec351
2020-06-11 18:43:45.042  INFO [http-nio-8080-exec-6] [  c.z.mybatis.interceptor.LogInterceptor] [ preHandle,43] : logData=={"traceId":"e70a205e5bc542ae85598670695ec351","logType":"start","ip":"0:0:0:0:0:0:0:1","reqPath":"/images/noImage.png"}
2020-06-11 18:43:45.048  INFO [http-nio-8080-exec-6] [  c.z.mybatis.interceptor.LogInterceptor] [afterCompletion,66] : logData=={"traceId":"e70a205e5bc542ae85598670695ec351","logType":"end","consumeTime":6}
2020-06-11 18:43:51.895  INFO [http-nio-8080-exec-8] [       c.z.m.i.RequestIdTraceInterceptor] [ preHandle,29] : 生成traceId: 011cc7c16f284c77acda2d28b776d90a
2020-06-11 18:43:51.896  INFO [http-nio-8080-exec-8] [  c.z.mybatis.interceptor.LogInterceptor] [ preHandle,43] : logData=={"traceId":"011cc7c16f284c77acda2d28b776d90a","logType":"start","ip":"0:0:0:0:0:0:0:1","reqPath":"/product/index","pageNum":["2"]}
2020-06-11 18:43:51.926  INFO [http-nio-8080-exec-8] [  c.z.mybatis.interceptor.LogInterceptor] [afterCompletion,66] : logData=={"traceId":"011cc7c16f284c77acda2d28b776d90a","logType":"end","consumeTime":30}
2020-06-11 18:43:55.228  INFO [http-nio-8080-exec-9] [       c.z.m.i.RequestIdTraceInterceptor] [ preHandle,29] : 生成traceId: 96fe99ce0a824aa6a0037d3ba6c072c9
2020-06-11 18:43:55.229  INFO [http-nio-8080-exec-9] [  c.z.mybatis.interceptor.LogInterceptor] [ preHandle,43] : logData=={"traceId":"96fe99ce0a824aa6a0037d3ba6c072c9","logType":"start","ip":"0:0:0:0:0:0:0:1","reqPath":"/product/index","pageNum":["1"]}
2020-06-11 18:43:55.257  INFO [http-nio-8080-exec-9] [  c.z.mybatis.interceptor.LogInterceptor] [afterCompletion,66] : logData=={"traceId":"96fe99ce0a824aa6a0037d3ba6c072c9","logType":"end","consumeTime":28}
2020-06-11 18:43:56.907  INFO [http-nio-8080-exec-10] [       c.z.m.i.RequestIdTraceInterceptor] [ preHandle,29] : 生成traceId: 6fffe726b56c48d7bd529cd3dbaefb64
2020-06-11 18:43:56.908  INFO [http-nio-8080-exec-10] [  c.z.mybatis.interceptor.LogInterceptor] [ preHandle,43] : logData=={"traceId":"6fffe726b56c48d7bd529cd3dbaefb64","logType":"start","ip":"0:0:0:0:0:0:0:1","product_id":["9"],"reqPath":"/product/addCart"}
2020-06-11 18:43:56.951  INFO [http-nio-8080-exec-10] [  c.z.mybatis.interceptor.LogInterceptor] [afterCompletion,66] : logData=={"traceId":"6fffe726b56c48d7bd529cd3dbaefb64","logType":"end","consumeTime":43}
2020-06-11 18:43:58.673  INFO [http-nio-8080-exec-1] [       c.z.m.i.RequestIdTraceInterceptor] [ preHandle,29] : 生成traceId: d7604546309c4a7ca4666d12d8ab2e46
2020-06-11 18:43:58.674  INFO [http-nio-8080-exec-1] [  c.z.mybatis.interceptor.LogInterceptor] [ preHandle,43] : logData=={"traceId":"d7604546309c4a7ca4666d12d8ab2e46","logType":"start","ip":"0:0:0:0:0:0:0:1","reqPath":"/product/index"}
2020-06-11 18:43:58.717  INFO [http-nio-8080-exec-1] [  c.z.mybatis.interceptor.LogInterceptor] [afterCompletion,66] : logData=={"traceId":"d7604546309c4a7ca4666d12d8ab2e46","logType":"end","consumeTime":43}
2020-06-11 18:44:02.662  INFO [http-nio-8080-exec-3] [       c.z.m.i.RequestIdTraceInterceptor] [ preHandle,29] : 生成traceId: edb1fe141ff54585be2000226b7e4d00
2020-06-11 18:44:02.664  INFO [http-nio-8080-exec-3] [  c.z.mybatis.interceptor.LogInterceptor] [ preHandle,43] : logData=={"traceId":"edb1fe141ff54585be2000226b7e4d00","logType":"start","ip":"0:0:0:0:0:0:0:1","reqPath":"/product/cart"}
2020-06-11 18:44:02.689  INFO [http-nio-8080-exec-3] [  c.z.mybatis.interceptor.LogInterceptor] [afterCompletion,66] : logData=={"traceId":"edb1fe141ff54585be2000226b7e4d00","logType":"end","consumeTime":26}
2020-06-11 18:44:04.168  INFO [http-nio-8080-exec-4] [       c.z.m.i.RequestIdTraceInterceptor] [ preHandle,29] : 生成traceId: aa4c9ce493c743e3b873c9867f7d16be
2020-06-11 18:44:04.170  INFO [http-nio-8080-exec-4] [  c.z.mybatis.interceptor.LogInterceptor] [ preHandle,43] : logData=={"traceId":"aa4c9ce493c743e3b873c9867f7d16be","logType":"start","ip":"0:0:0:0:0:0:0:1","product_id":["9"],"reqPath":"/product/increase"}
2020-06-11 18:44:04.201  INFO [http-nio-8080-exec-4] [  c.z.mybatis.interceptor.LogInterceptor] [afterCompletion,66] : logData=={"traceId":"aa4c9ce493c743e3b873c9867f7d16be","logType":"end","consumeTime":32}
2020-06-11 18:44:05.035  INFO [http-nio-8080-exec-5] [       c.z.m.i.RequestIdTraceInterceptor] [ preHandle,29] : 生成traceId: 6b9fa240e3ae464b91b13e0c617a37c8
2020-06-11 18:44:05.037  INFO [http-nio-8080-exec-5] [  c.z.mybatis.interceptor.LogInterceptor] [ preHandle,43] : logData=={"traceId":"6b9fa240e3ae464b91b13e0c617a37c8","logType":"start","ip":"0:0:0:0:0:0:0:1","product_id":["9"],"reqPath":"/product/increase"}
2020-06-11 18:44:05.062  INFO [http-nio-8080-exec-5] [  c.z.mybatis.interceptor.LogInterceptor] [afterCompletion,66] : logData=={"traceId":"6b9fa240e3ae464b91b13e0c617a37c8","logType":"end","consumeTime":26}
2020-06-11 18:44:05.600  INFO [http-nio-8080-exec-6] [       c.z.m.i.RequestIdTraceInterceptor] [ preHandle,29] : 生成traceId: ae9cc6e8ae06438b93519a6bd5a4100d
2020-06-11 18:44:05.602  INFO [http-nio-8080-exec-6] [  c.z.mybatis.interceptor.LogInterceptor] [ preHandle,43] : logData=={"traceId":"ae9cc6e8ae06438b93519a6bd5a4100d","logType":"start","ip":"0:0:0:0:0:0:0:1","product_id":["9"],"reqPath":"/product/increase"}
2020-06-11 18:44:05.633  INFO [http-nio-8080-exec-6] [  c.z.mybatis.interceptor.LogInterceptor] [afterCompletion,66] : logData=={"traceId":"ae9cc6e8ae06438b93519a6bd5a4100d","logType":"end","consumeTime":32}
2020-06-11 18:44:06.193  INFO [http-nio-8080-exec-7] [       c.z.m.i.RequestIdTraceInterceptor] [ preHandle,29] : 生成traceId: 20020fd94ea3437292654f4f6eac693a
2020-06-11 18:44:06.194  INFO [http-nio-8080-exec-7] [  c.z.mybatis.interceptor.LogInterceptor] [ preHandle,43] : logData=={"traceId":"20020fd94ea3437292654f4f6eac693a","logType":"start","ip":"0:0:0:0:0:0:0:1","product_id":["9"],"reqPath":"/product/increase"}
2020-06-11 18:44:06.221  INFO [http-nio-8080-exec-7] [  c.z.mybatis.interceptor.LogInterceptor] [afterCompletion,66] : logData=={"traceId":"20020fd94ea3437292654f4f6eac693a","logType":"end","consumeTime":28}
2020-06-11 18:44:06.770  INFO [http-nio-8080-exec-8] [       c.z.m.i.RequestIdTraceInterceptor] [ preHandle,29] : 生成traceId: adc1db01d75b4fd9b4f162103d03252b
2020-06-11 18:44:06.771  INFO [http-nio-8080-exec-8] [  c.z.mybatis.interceptor.LogInterceptor] [ preHandle,43] : logData=={"traceId":"adc1db01d75b4fd9b4f162103d03252b","logType":"start","ip":"0:0:0:0:0:0:0:1","product_id":["9"],"reqPath":"/product/increase"}
2020-06-11 18:44:06.797  INFO [http-nio-8080-exec-8] [  c.z.mybatis.interceptor.LogInterceptor] [afterCompletion,66] : logData=={"traceId":"adc1db01d75b4fd9b4f162103d03252b","logType":"end","consumeTime":25}
2020-06-11 18:44:07.387  INFO [http-nio-8080-exec-9] [       c.z.m.i.RequestIdTraceInterceptor] [ preHandle,29] : 生成traceId: 3d5ac3e2c4be4ad9ad613da3fe348930
2020-06-11 18:44:07.388  INFO [http-nio-8080-exec-9] [  c.z.mybatis.interceptor.LogInterceptor] [ preHandle,43] : logData=={"traceId":"3d5ac3e2c4be4ad9ad613da3fe348930","logType":"start","ip":"0:0:0:0:0:0:0:1","product_id":["9"],"reqPath":"/product/increase"}
2020-06-11 18:44:07.430  INFO [http-nio-8080-exec-9] [  c.z.mybatis.interceptor.LogInterceptor] [afterCompletion,66] : logData=={"traceId":"3d5ac3e2c4be4ad9ad613da3fe348930","logType":"end","consumeTime":42}
2020-06-11 18:44:08.687  INFO [http-nio-8080-exec-10] [       c.z.m.i.RequestIdTraceInterceptor] [ preHandle,29] : 生成traceId: 80cbcfb0f57f46fea57847e76b3d2466
2020-06-11 18:44:08.688  INFO [http-nio-8080-exec-10] [  c.z.mybatis.interceptor.LogInterceptor] [ preHandle,43] : logData=={"traceId":"80cbcfb0f57f46fea57847e76b3d2466","logType":"start","ip":"0:0:0:0:0:0:0:1","reqPath":"/order/create"}
2020-06-11 18:44:08.798  INFO [http-nio-8080-exec-10] [  c.z.mybatis.interceptor.LogInterceptor] [afterCompletion,66] : logData=={"traceId":"80cbcfb0f57f46fea57847e76b3d2466","logType":"end","consumeTime":111}
2020-06-11 18:44:15.623  INFO [http-nio-8080-exec-2] [       c.z.m.i.RequestIdTraceInterceptor] [ preHandle,29] : 生成traceId: cd7943746fd94c6993a9e27c430ded0f
2020-06-11 18:44:15.624  INFO [http-nio-8080-exec-2] [  c.z.mybatis.interceptor.LogInterceptor] [ preHandle,43] : logData=={"traceId":"cd7943746fd94c6993a9e27c430ded0f","logType":"start","user_id":["13"],"ip":"0:0:0:0:0:0:0:1","voucher_id":["1"],"reqPath":"/order/voucher","order_id":["1591915448707609974"]}
2020-06-11 18:44:15.676  INFO [http-nio-8080-exec-2] [  c.z.mybatis.interceptor.LogInterceptor] [afterCompletion,66] : logData=={"traceId":"cd7943746fd94c6993a9e27c430ded0f","logType":"end","consumeTime":52}
2020-06-11 18:44:23.198  INFO [http-nio-8080-exec-3] [       c.z.m.i.RequestIdTraceInterceptor] [ preHandle,29] : 生成traceId: c6fe7524d5d649fdb855920b41f3ad7f
2020-06-11 18:44:23.200  INFO [http-nio-8080-exec-3] [  c.z.mybatis.interceptor.LogInterceptor] [ preHandle,43] : logData=={"traceId":"c6fe7524d5d649fdb855920b41f3ad7f","logType":"start","user_id":["13"],"ip":"0:0:0:0:0:0:0:1","reqPath":"/order/close_order","order_id":["1591915448707609974"]}
2020-06-11 18:44:23.232  INFO [http-nio-8080-exec-3] [  c.z.mybatis.interceptor.LogInterceptor] [afterCompletion,66] : logData=={"traceId":"c6fe7524d5d649fdb855920b41f3ad7f","logType":"end","consumeTime":33}
2020-06-11 18:44:24.758  INFO [http-nio-8080-exec-4] [       c.z.m.i.RequestIdTraceInterceptor] [ preHandle,29] : 生成traceId: 7c54c2d1d59c43c3a4c02f1532945644
2020-06-11 18:44:24.760  INFO [http-nio-8080-exec-4] [  c.z.mybatis.interceptor.LogInterceptor] [ preHandle,43] : logData=={"traceId":"7c54c2d1d59c43c3a4c02f1532945644","logType":"start","user_id":["13"],"ip":"0:0:0:0:0:0:0:1","reqPath":"/order/complete"}
2020-06-11 18:44:24.790  INFO [http-nio-8080-exec-4] [  c.z.mybatis.interceptor.LogInterceptor] [afterCompletion,66] : logData=={"traceId":"7c54c2d1d59c43c3a4c02f1532945644","logType":"end","consumeTime":31}
2020-06-11 18:45:53.915  INFO [http-nio-8080-exec-7] [       c.z.m.i.RequestIdTraceInterceptor] [ preHandle,29] : 生成traceId: 542e489c543649389aa259f563441953
2020-06-11 18:45:53.917  INFO [http-nio-8080-exec-7] [  c.z.mybatis.interceptor.LogInterceptor] [ preHandle,43] : logData=={"traceId":"542e489c543649389aa259f563441953","logType":"start","user_id":["13"],"ip":"0:0:0:0:0:0:0:1","reqPath":"/order/complete"}
2020-06-11 18:45:53.945  INFO [http-nio-8080-exec-7] [  c.z.mybatis.interceptor.LogInterceptor] [afterCompletion,66] : logData=={"traceId":"542e489c543649389aa259f563441953","logType":"end","consumeTime":29}
2020-06-11 18:45:58.535  INFO [http-nio-8080-exec-8] [       c.z.m.i.RequestIdTraceInterceptor] [ preHandle,29] : 生成traceId: 176838e2b07b4aa086791bf10d97850f
2020-06-11 18:45:58.536  INFO [http-nio-8080-exec-8] [  c.z.mybatis.interceptor.LogInterceptor] [ preHandle,43] : logData=={"traceId":"176838e2b07b4aa086791bf10d97850f","logType":"start","user_id":["13"],"ip":"0:0:0:0:0:0:0:1","reqPath":"/order/in_progress"}
2020-06-11 18:45:58.554  INFO [http-nio-8080-exec-8] [  c.z.mybatis.interceptor.LogInterceptor] [afterCompletion,66] : logData=={"traceId":"176838e2b07b4aa086791bf10d97850f","logType":"end","consumeTime":18}
2020-06-11 18:46:00.295  INFO [http-nio-8080-exec-9] [       c.z.m.i.RequestIdTraceInterceptor] [ preHandle,29] : 生成traceId: a8818585eee94a0299442cacacdf0b70
2020-06-11 18:46:00.297  INFO [http-nio-8080-exec-9] [  c.z.mybatis.interceptor.LogInterceptor] [ preHandle,43] : logData=={"traceId":"a8818585eee94a0299442cacacdf0b70","logType":"start","user_id":["13"],"ip":"0:0:0:0:0:0:0:1","reqPath":"/order/complete"}
2020-06-11 18:46:00.324  INFO [http-nio-8080-exec-9] [  c.z.mybatis.interceptor.LogInterceptor] [afterCompletion,66] : logData=={"traceId":"a8818585eee94a0299442cacacdf0b70","logType":"end","consumeTime":28}
2020-06-11 18:46:05.760  INFO [http-nio-8080-exec-1] [       c.z.m.i.RequestIdTraceInterceptor] [ preHandle,29] : 生成traceId: 450fb823987646feb89fafc939d657cb
2020-06-11 18:46:05.761  INFO [http-nio-8080-exec-1] [  c.z.mybatis.interceptor.LogInterceptor] [ preHandle,43] : logData=={"traceId":"450fb823987646feb89fafc939d657cb","logType":"start","user_id":["13"],"ip":"0:0:0:0:0:0:0:1","reqPath":"/order/complete"}
2020-06-11 18:46:05.789  INFO [http-nio-8080-exec-1] [  c.z.mybatis.interceptor.LogInterceptor] [afterCompletion,66] : logData=={"traceId":"450fb823987646feb89fafc939d657cb","logType":"end","consumeTime":28}
2020-06-11 18:46:08.319  INFO [http-nio-8080-exec-2] [       c.z.m.i.RequestIdTraceInterceptor] [ preHandle,29] : 生成traceId: 629493048ff64f6d868938fdd9291cbd
2020-06-11 18:46:08.321  INFO [http-nio-8080-exec-2] [  c.z.mybatis.interceptor.LogInterceptor] [ preHandle,43] : logData=={"traceId":"629493048ff64f6d868938fdd9291cbd","logType":"start","user_id":["13"],"ip":"0:0:0:0:0:0:0:1","reqPath":"/order/complete"}
2020-06-11 18:46:08.350  INFO [http-nio-8080-exec-2] [  c.z.mybatis.interceptor.LogInterceptor] [afterCompletion,66] : logData=={"traceId":"629493048ff64f6d868938fdd9291cbd","logType":"end","consumeTime":30}
2020-06-11 18:46:10.326  INFO [http-nio-8080-exec-3] [       c.z.m.i.RequestIdTraceInterceptor] [ preHandle,29] : 生成traceId: bb6579cdcb9b4b37ba7b1092cfd2ad9b
2020-06-11 18:46:10.327  INFO [http-nio-8080-exec-3] [  c.z.mybatis.interceptor.LogInterceptor] [ preHandle,43] : logData=={"traceId":"bb6579cdcb9b4b37ba7b1092cfd2ad9b","logType":"start","user_id":["13"],"ip":"0:0:0:0:0:0:0:1","reqPath":"/order/complete"}
2020-06-11 18:46:10.353  INFO [http-nio-8080-exec-3] [  c.z.mybatis.interceptor.LogInterceptor] [afterCompletion,66] : logData=={"traceId":"bb6579cdcb9b4b37ba7b1092cfd2ad9b","logType":"end","consumeTime":26}
2020-06-11 18:46:46.228  INFO [SpringContextShutdownHook] [ o.s.s.concurrent.ThreadPoolTaskExecutor] [  shutdown,218] : Shutting down ExecutorService 'applicationTaskExecutor'
2020-06-11 18:46:46.379  INFO [SpringContextShutdownHook] [j.LocalContainerEntityManagerFactoryBean] [   destroy,598] : Closing JPA EntityManagerFactory for persistence unit 'default'
2020-06-11 18:46:46.387  INFO [SpringContextShutdownHook] [      com.zaxxer.hikari.HikariDataSource] [     close,350] : HikariPool-1 - Shutdown initiated...
2020-06-11 18:46:46.454  INFO [SpringContextShutdownHook] [      com.zaxxer.hikari.HikariDataSource] [     close,352] : HikariPool-1 - Shutdown completed.
